Using pre-set license
Built from '2022.3/staging' branch; Version is '2022.3.29f1 (8d510ca76d2b) revision 9261324'; Using compiler version '192829333'; Build Type 'Release'
OS: 'Windows 10  (10.0.19045) 64bit Core' Language: 'en' Physical Memory: 32683 MB
BatchMode: 1, IsHumanControllingUs: 0, StartBugReporterOnCrash: 0, Is64bit: 1, IsPro: 1

COMMAND LINE ARGUMENTS:
C:\Program Files\Unity\Hub\Editor\2022.3.29f1\Editor\Unity.exe
-adb2
-batchMode
-noUpm
-name
AssetImportWorker7
-projectPath
D:/Unity/GitHub/FPS_Defense/FPS Defense
-logFile
Logs/AssetImportWorker7.log
-srvPort
55365
Successfully changed project path to: D:/Unity/GitHub/FPS_Defense/FPS Defense
D:/Unity/GitHub/FPS_Defense/FPS Defense
[UnityMemory] Configuration Parameters - Can be set up in boot.config
    "memorysetup-bucket-allocator-granularity=16"
    "memorysetup-bucket-allocator-bucket-count=8"
    "memorysetup-bucket-allocator-block-size=33554432"
    "memorysetup-bucket-allocator-block-count=8"
    "memorysetup-main-allocator-block-size=16777216"
    "memorysetup-thread-allocator-block-size=16777216"
    "memorysetup-gfx-main-allocator-block-size=16777216"
    "memorysetup-gfx-thread-allocator-block-size=16777216"
    "memorysetup-cache-allocator-block-size=4194304"
    "memorysetup-typetree-allocator-block-size=2097152"
    "memorysetup-profiler-bucket-allocator-granularity=16"
    "memorysetup-profiler-bucket-allocator-bucket-count=8"
    "memorysetup-profiler-bucket-allocator-block-size=33554432"
    "memorysetup-profiler-bucket-allocator-block-count=8"
    "memorysetup-profiler-allocator-block-size=16777216"
    "memorysetup-profiler-editor-allocator-block-size=1048576"
    "memorysetup-temp-allocator-size-main=16777216"
    "memorysetup-job-temp-allocator-block-size=2097152"
    "memorysetup-job-temp-allocator-block-size-background=1048576"
    "memorysetup-job-temp-allocator-reduction-small-platforms=262144"
    "memorysetup-allocator-temp-initial-block-size-main=262144"
    "memorysetup-allocator-temp-initial-block-size-worker=262144"
    "memorysetup-temp-allocator-size-background-worker=32768"
    "memorysetup-temp-allocator-size-job-worker=262144"
    "memorysetup-temp-allocator-size-preload-manager=33554432"
    "memorysetup-temp-allocator-size-nav-mesh-worker=65536"
    "memorysetup-temp-allocator-size-audio-worker=65536"
    "memorysetup-temp-allocator-size-cloud-worker=32768"
    "memorysetup-temp-allocator-size-gi-baking-worker=262144"
    "memorysetup-temp-allocator-size-gfx=262144"
Player connection [26292] Host "[IP] 169.254.11.210 [Port] 0 [Flags] 2 [Guid] 3696996000 [EditorId] 3696996000 [Version] 1048832 [Id] WindowsEditor(7,DESKTOP-IKSH7C5) [Debug] 1 [PackageName] WindowsEditor [ProjectName] Editor" joined multi-casting on [225.0.0.222:54997]...

Player connection [26292] Host "[IP] 169.254.11.210 [Port] 0 [Flags] 2 [Guid] 3696996000 [EditorId] 3696996000 [Version] 1048832 [Id] WindowsEditor(7,DESKTOP-IKSH7C5) [Debug] 1 [PackageName] WindowsEditor [ProjectName] Editor" joined alternative multi-casting on [225.0.0.222:34997]...

[Physics::Module] Initialized MultithreadedJobDispatcher with 15 workers.
Refreshing native plugins compatible for Editor in 14.52 ms, found 3 plugins.
Preloading 0 native plugins for Editor in 0.00 ms.
Initialize engine version: 2022.3.29f1 (8d510ca76d2b)
[Subsystems] Discovering subsystems at path C:/Program Files/Unity/Hub/Editor/2022.3.29f1/Editor/Data/Resources/UnitySubsystems
[Subsystems] Discovering subsystems at path D:/Unity/GitHub/FPS_Defense/FPS Defense/Assets
GfxDevice: creating device client; threaded=0; jobified=0
Direct3D:
    Version:  Direct3D 11.0 [level 11.1]
    Renderer: NVIDIA GeForce RTX 3070 (ID=0x2488)
    Vendor:   NVIDIA
    VRAM:     8018 MB
    Driver:   32.0.15.6094
Initialize mono
Mono path[0] = 'C:/Program Files/Unity/Hub/Editor/2022.3.29f1/Editor/Data/Managed'
Mono path[1] = 'C:/Program Files/Unity/Hub/Editor/2022.3.29f1/Editor/Data/MonoBleedingEdge/lib/mono/unityjit-win32'
Mono config path = 'C:/Program Files/Unity/Hub/Editor/2022.3.29f1/Editor/Data/MonoBleedingEdge/etc'
Using monoOptions --debugger-agent=transport=dt_socket,embedding=1,server=y,suspend=n,address=127.0.0.1:56404
Begin MonoManager ReloadAssembly
Registering precompiled unity dll's ...
Register platform support module: C:/Program Files/Unity/Hub/Editor/2022.3.29f1/Editor/Data/PlaybackEngines/WebGLSupport/UnityEditor.WebGL.Extensions.dll
Register platform support module: C:/Program Files/Unity/Hub/Editor/2022.3.29f1/Editor/Data/PlaybackEngines/AndroidPlayer/UnityEditor.Android.Extensions.dll
Register platform support module: C:/Program Files/Unity/Hub/Editor/2022.3.29f1/Editor/Data/PlaybackEngines/WindowsStandaloneSupport/UnityEditor.WindowsStandalone.Extensions.dll
Registered in 0.025781 seconds.
- Loaded All Assemblies, in  0.407 seconds
Native extension for WindowsStandalone target not found
Native extension for Android target not found
Android Extension - Scanning For ADB Devices 434 ms
Native extension for WebGL target not found
Mono: successfully reloaded assembly
- Finished resetting the current domain, in  0.720 seconds
Domain Reload Profiling: 1122ms
	BeginReloadAssembly (130ms)
		ExecutionOrderSort (0ms)
		DisableScriptedObjects (0ms)
		BackupInstance (0ms)
		ReleaseScriptingObjects (0ms)
		CreateAndSetChildDomain (1ms)
	RebuildCommonClasses (31ms)
	RebuildNativeTypeToScriptingClass (8ms)
	initialDomainReloadingComplete (81ms)
	LoadAllAssembliesAndSetupDomain (152ms)
		LoadAssemblies (127ms)
		RebuildTransferFunctionScriptingTraits (0ms)
		AnalyzeDomain (148ms)
			TypeCache.Refresh (147ms)
				TypeCache.ScanAssembly (135ms)
			ScanForSourceGeneratedMonoScriptInfo (0ms)
			ResolveRequiredComponents (0ms)
	FinalizeReload (720ms)
		ReleaseScriptCaches (0ms)
		RebuildScriptCaches (0ms)
		SetupLoadedEditorAssemblies (672ms)
			LogAssemblyErrors (0ms)
			InitializePlatformSupportModulesInManaged (543ms)
			SetLoadedEditorAssemblies (3ms)
			RefreshPlugins (0ms)
			BeforeProcessingInitializeOnLoad (1ms)
			ProcessInitializeOnLoadAttributes (86ms)
			ProcessInitializeOnLoadMethodAttributes (39ms)
			AfterProcessingInitializeOnLoad (0ms)
			EditorAssembliesLoaded (0ms)
		ExecutionOrderSort2 (0ms)
		AwakeInstancesAfterBackupRestoration (0ms)
========================================================================
Worker process is ready to serve import requests
Begin MonoManager ReloadAssembly
- Loaded All Assemblies, in  0.745 seconds
Refreshing native plugins compatible for Editor in 4.13 ms, found 3 plugins.
Native extension for WindowsStandalone target not found
Native extension for Android target not found
Native extension for WebGL target not found
Mono: successfully reloaded assembly
- Finished resetting the current domain, in  0.720 seconds
Domain Reload Profiling: 1460ms
	BeginReloadAssembly (140ms)
		ExecutionOrderSort (0ms)
		DisableScriptedObjects (4ms)
		BackupInstance (0ms)
		ReleaseScriptingObjects (0ms)
		CreateAndSetChildDomain (16ms)
	RebuildCommonClasses (28ms)
	RebuildNativeTypeToScriptingClass (7ms)
	initialDomainReloadingComplete (42ms)
	LoadAllAssembliesAndSetupDomain (522ms)
		LoadAssemblies (376ms)
		RebuildTransferFunctionScriptingTraits (0ms)
		AnalyzeDomain (240ms)
			TypeCache.Refresh (205ms)
				TypeCache.ScanAssembly (190ms)
			ScanForSourceGeneratedMonoScriptInfo (25ms)
			ResolveRequiredComponents (8ms)
	FinalizeReload (720ms)
		ReleaseScriptCaches (0ms)
		RebuildScriptCaches (0ms)
		SetupLoadedEditorAssemblies (565ms)
			LogAssemblyErrors (0ms)
			InitializePlatformSupportModulesInManaged (27ms)
			SetLoadedEditorAssemblies (3ms)
			RefreshPlugins (0ms)
			BeforeProcessingInitializeOnLoad (83ms)
			ProcessInitializeOnLoadAttributes (408ms)
			ProcessInitializeOnLoadMethodAttributes (30ms)
			AfterProcessingInitializeOnLoad (15ms)
			EditorAssembliesLoaded (0ms)
		ExecutionOrderSort2 (0ms)
		AwakeInstancesAfterBackupRestoration (11ms)
Launched and connected shader compiler UnityShaderCompiler.exe after 0.09 seconds
Refreshing native plugins compatible for Editor in 4.06 ms, found 3 plugins.
Preloading 0 native plugins for Editor in 0.00 ms.
Unloading 7716 Unused Serialized files (Serialized files now loaded: 0)
Unloading 257 unused Assets / (13.9 MB). Loaded Objects now: 8081.
Memory consumption went from 359.5 MB to 345.6 MB.
Total: 5.955500 ms (FindLiveObjects: 0.475100 ms CreateObjectMapping: 0.412600 ms MarkObjects: 2.699700 ms  DeleteObjects: 2.367600 ms)

AssetImportParameters requested are different than current active one (requested -> active):
  custom:container-demuxer-ogg: 62fdf1f143b41e24485cea50d1cbac27 -> 
  custom:framework-win-MediaFoundation: 216162199b28c13a410421893ffa2e32 -> 
  custom:container-muxer-webm: aa71ff27fc2769a1b78a27578f13a17b -> 
  custom:video-decoder-webm-vp8: 9c59270c3fd7afecdb556c50c9e8de78 -> 
  custom:SearchIndexIgnoredProperties: e643bd26f0fe6173181afceb89e7c659 -> 
  custom:AudioImporter_EditorPlatform: d09bf68614088b80899f8185d706f6e7 -> 
  custom:audio-decoder-ogg-vorbis: bf7c407c2cedff20999df2af8eb42d56 -> 
  custom:audio-encoder-webm-vorbis: bf7c407c2cedff20999df2af8eb42d56 -> 
  custom:video-decoder-ogg-theora: a1e56fd34408186e4bbccfd4996cb3dc -> 
  custom:CustomObjectIndexerAttribute: 72b91833f83ae208fae7752999fa3104 -> 
  custom:container-demuxer-webm: 4f35f7cbe854078d1ac9338744f61a02 -> 
  custom:video-encoder-webm-vp8: eb34c28f22e8b96e1ab97ce403110664 -> 
========================================================================
Received Import Request.
  Time since last request: 342979.583522 seconds.
  path: Assets/LowPolyBarriersPackFree/BarriersAssets/Meshes/ConcreteBarriers/ConcreteBarrier_39_v2.fbx
  artifactKey: Guid(753390768a582b245a75ac71dcc16ab6) Importer(815301076,1909f56bfc062723c751e8b465ee728b)
Start importing Assets/LowPolyBarriersPackFree/BarriersAssets/Meshes/ConcreteBarriers/ConcreteBarrier_39_v2.fbx using Guid(753390768a582b245a75ac71dcc16ab6) Importer(815301076,1909f56bfc062723c751e8b465ee728b)  -> (artifact id: 'be1300febe9680be09aebaa63b725a3d') in 0.092994 seconds
Number of updated asset objects reloaded before import = 0
Number of asset objects unloaded after import = 8
========================================================================
Received Import Request.
  Time since last request: 0.000022 seconds.
  path: Assets/FantasyEnvironments/Environments/Ambient-Occlusion-Trees/FBX/Deciduous_tree2.fbx
  artifactKey: Guid(0d1b91c73db905a46a9f6bfeedd1196f) Importer(815301076,1909f56bfc062723c751e8b465ee728b)
Start importing Assets/FantasyEnvironments/Environments/Ambient-Occlusion-Trees/FBX/Deciduous_tree2.fbx using Guid(0d1b91c73db905a46a9f6bfeedd1196f) Importer(815301076,1909f56bfc062723c751e8b465ee728b)  -> (artifact id: '83ccc6fb756b540deb0eeae286ff7a50') in 0.030936 seconds
Number of updated asset objects reloaded before import = 0
Number of asset objects unloaded after import = 11
========================================================================
Received Import Request.
  Time since last request: 0.258195 seconds.
  path: Assets/QuarterView 3D Action BE5/Prefabs/Enemy A.prefab
  artifactKey: Guid(464cc7c4f7ea10b47a36d7848aa9ca9a) Importer(815301076,1909f56bfc062723c751e8b465ee728b)
Start importing Assets/QuarterView 3D Action BE5/Prefabs/Enemy A.prefab using Guid(464cc7c4f7ea10b47a36d7848aa9ca9a) Importer(815301076,1909f56bfc062723c751e8b465ee728b)  -> (artifact id: 'aae0de9b7ab255b02a7c8abeaa244bdb') in 0.013603 seconds
Number of updated asset objects reloaded before import = 0
Number of asset objects unloaded after import = 72
========================================================================
Received Import Request.
  Time since last request: 0.000018 seconds.
  path: Assets/QuarterView 3D Action BE5/Prefabs/Enemy B.prefab
  artifactKey: Guid(4198e2587d1fcca4cb87c16c3cfed34d) Importer(815301076,1909f56bfc062723c751e8b465ee728b)
Start importing Assets/QuarterView 3D Action BE5/Prefabs/Enemy B.prefab using Guid(4198e2587d1fcca4cb87c16c3cfed34d) Importer(815301076,1909f56bfc062723c751e8b465ee728b)  -> (artifact id: '504789968c5f09699b3ca9a241f04e5a') in 0.011476 seconds
Number of updated asset objects reloaded before import = 0
Number of asset objects unloaded after import = 72
========================================================================
Received Import Request.
  Time since last request: 0.000013 seconds.
  path: Assets/FantasyEnvironments/Environments/Prefabs/Fern2.prefab
  artifactKey: Guid(cfe991abfe1d8a34e90a8b8d50f9a61c) Importer(815301076,1909f56bfc062723c751e8b465ee728b)
Start importing Assets/FantasyEnvironments/Environments/Prefabs/Fern2.prefab using Guid(cfe991abfe1d8a34e90a8b8d50f9a61c) Importer(815301076,1909f56bfc062723c751e8b465ee728b)  -> (artifact id: 'e3882a67ccc6760bb8f5e31d3d370faa') in 0.028168 seconds
Number of updated asset objects reloaded before import = 0
Number of asset objects unloaded after import = 16
========================================================================
Received Import Request.
  Time since last request: 0.000015 seconds.
  path: Assets/TerrainSampleAssets/Prefabs/Fern_C.prefab
  artifactKey: Guid(4786e2698ac97a949a9209febfcbd49b) Importer(815301076,1909f56bfc062723c751e8b465ee728b)
Start importing Assets/TerrainSampleAssets/Prefabs/Fern_C.prefab using Guid(4786e2698ac97a949a9209febfcbd49b) Importer(815301076,1909f56bfc062723c751e8b465ee728b)  -> (artifact id: 'f3e1506b128ee2b57dca9fb9b9714704') in 0.438329 seconds
Number of updated asset objects reloaded before import = 0
Number of asset objects unloaded after import = 13
========================================================================
Received Import Request.
  Time since last request: 0.024968 seconds.
  path: Assets/FantasyEnvironments/Environments/Prefabs/Flower5.prefab
  artifactKey: Guid(cd03a41894dab5e49abe8481b9a4a630) Importer(815301076,1909f56bfc062723c751e8b465ee728b)
Start importing Assets/FantasyEnvironments/Environments/Prefabs/Flower5.prefab using Guid(cd03a41894dab5e49abe8481b9a4a630) Importer(815301076,1909f56bfc062723c751e8b465ee728b)  -> (artifact id: '4d6f530f2caf34bc1289eaf5fc2e53aa') in 0.013468 seconds
Number of updated asset objects reloaded before import = 0
Number of asset objects unloaded after import = 16
========================================================================
Received Import Request.
  Time since last request: 0.000012 seconds.
  path: Assets/FantasyEnvironments/Environments/Prefabs/Flower6.prefab
  artifactKey: Guid(0b6bd30c5d303194db3c59feae69ab39) Importer(815301076,1909f56bfc062723c751e8b465ee728b)
Start importing Assets/FantasyEnvironments/Environments/Prefabs/Flower6.prefab using Guid(0b6bd30c5d303194db3c59feae69ab39) Importer(815301076,1909f56bfc062723c751e8b465ee728b)  -> (artifact id: '1902079106bf15537bdeaecb429290c6') in 0.015338 seconds
Number of updated asset objects reloaded before import = 0
Number of asset objects unloaded after import = 16
========================================================================
Received Import Request.
  Time since last request: 1.454187 seconds.
  path: Assets/FantasyEnvironments/Environments/FBX/Flower8.fbx
  artifactKey: Guid(08cc5c2c7dd9b644d8fa3ece3231d75b) Importer(815301076,1909f56bfc062723c751e8b465ee728b)
Start importing Assets/FantasyEnvironments/Environments/FBX/Flower8.fbx using Guid(08cc5c2c7dd9b644d8fa3ece3231d75b) Importer(815301076,1909f56bfc062723c751e8b465ee728b)  -> (artifact id: 'ee96d307d1691602ff962d78cf1ceff4') in 0.016644 seconds
Number of updated asset objects reloaded before import = 0
Number of asset objects unloaded after import = 9
========================================================================
Received Import Request.
  Time since last request: 0.000012 seconds.
  path: Assets/FantasyEnvironments/Environments/Town/Prefabs/Food_apple.prefab
  artifactKey: Guid(5457bf12f504dff458b81b32e398fc77) Importer(815301076,1909f56bfc062723c751e8b465ee728b)
Start importing Assets/FantasyEnvironments/Environments/Town/Prefabs/Food_apple.prefab using Guid(5457bf12f504dff458b81b32e398fc77) Importer(815301076,1909f56bfc062723c751e8b465ee728b)  -> (artifact id: '8f3423ee75afa82b338dceae36741722') in 0.169033 seconds
Number of updated asset objects reloaded before import = 0
Number of asset objects unloaded after import = 9
========================================================================
Received Import Request.
  Time since last request: 0.251821 seconds.
  path: Assets/FantasyEnvironments/Environments/Town/FBXs/Food_bottle4.fbx
  artifactKey: Guid(23321a0f20f9e894594a24d899b521fd) Importer(815301076,1909f56bfc062723c751e8b465ee728b)
Start importing Assets/FantasyEnvironments/Environments/Town/FBXs/Food_bottle4.fbx using Guid(23321a0f20f9e894594a24d899b521fd) Importer(815301076,1909f56bfc062723c751e8b465ee728b)  -> (artifact id: '65cde721ff81954a36e2816bf0118c39') in 0.014808 seconds
Number of updated asset objects reloaded before import = 0
Number of asset objects unloaded after import = 9
========================================================================
Received Import Request.
  Time since last request: 0.038201 seconds.
  path: Assets/FantasyEnvironments/Environments/Town/FBXs/Food_bowler.fbx
  artifactKey: Guid(77aeca3d1d4485642b474f0116ec7ce1) Importer(815301076,1909f56bfc062723c751e8b465ee728b)
Start importing Assets/FantasyEnvironments/Environments/Town/FBXs/Food_bowler.fbx using Guid(77aeca3d1d4485642b474f0116ec7ce1) Importer(815301076,1909f56bfc062723c751e8b465ee728b)  -> (artifact id: '4d85e6e250f6e0abaf5c0040142ad792') in 0.013828 seconds
Number of updated asset objects reloaded before import = 0
Number of asset objects unloaded after import = 9
========================================================================
Received Import Request.
  Time since last request: 0.822187 seconds.
  path: Assets/FantasyEnvironments/Environments/Town/Prefabs/Food_bread_2.prefab
  artifactKey: Guid(cd6cd1d2b5ec21045a4108c1c595639e) Importer(815301076,1909f56bfc062723c751e8b465ee728b)
Start importing Assets/FantasyEnvironments/Environments/Town/Prefabs/Food_bread_2.prefab using Guid(cd6cd1d2b5ec21045a4108c1c595639e) Importer(815301076,1909f56bfc062723c751e8b465ee728b)  -> (artifact id: 'e63fdfd6259eff104dc2be20c282d456') in 0.013618 seconds
Number of updated asset objects reloaded before import = 0
Number of asset objects unloaded after import = 9
========================================================================
Received Import Request.
  Time since last request: 0.000013 seconds.
  path: Assets/FantasyEnvironments/Environments/Town/Prefabs/Food_chicken.prefab
  artifactKey: Guid(12c2885c9d0abc6419d8f0e715bf925a) Importer(815301076,1909f56bfc062723c751e8b465ee728b)
Start importing Assets/FantasyEnvironments/Environments/Town/Prefabs/Food_chicken.prefab using Guid(12c2885c9d0abc6419d8f0e715bf925a) Importer(815301076,1909f56bfc062723c751e8b465ee728b)  -> (artifact id: '3d8483428a0ac611ef683d9cb23afc6c') in 0.013646 seconds
Number of updated asset objects reloaded before import = 0
Number of asset objects unloaded after import = 9
========================================================================
Received Import Request.
  Time since last request: 0.000017 seconds.
  path: Assets/FantasyEnvironments/Environments/Town/FBXs/Food_cup1.fbx
  artifactKey: Guid(cb063e835546c0349906488c5789719b) Importer(815301076,1909f56bfc062723c751e8b465ee728b)
Start importing Assets/FantasyEnvironments/Environments/Town/FBXs/Food_cup1.fbx using Guid(cb063e835546c0349906488c5789719b) Importer(815301076,1909f56bfc062723c751e8b465ee728b)  -> (artifact id: 'd80f364e3adcefb9792aa8c8f31458e1') in 0.016526 seconds
Number of updated asset objects reloaded before import = 0
Number of asset objects unloaded after import = 9
========================================================================
Received Import Request.
  Time since last request: 0.000022 seconds.
  path: Assets/FantasyEnvironments/Environments/Town/Prefabs/Food_cup3.prefab
  artifactKey: Guid(72ee67964857e29498b6717984dd43cd) Importer(815301076,1909f56bfc062723c751e8b465ee728b)
Start importing Assets/FantasyEnvironments/Environments/Town/Prefabs/Food_cup3.prefab using Guid(72ee67964857e29498b6717984dd43cd) Importer(815301076,1909f56bfc062723c751e8b465ee728b)  -> (artifact id: '3b1b68d64f4fd5e59799abd681329679') in 0.013524 seconds
Number of updated asset objects reloaded before import = 0
Number of asset objects unloaded after import = 9
========================================================================
Received Import Request.
  Time since last request: 0.000013 seconds.
  path: Assets/FantasyEnvironments/Environments/Town/Prefabs/Food_fish.prefab
  artifactKey: Guid(d668028e8b0f12c498c623a6a33ac362) Importer(815301076,1909f56bfc062723c751e8b465ee728b)
Start importing Assets/FantasyEnvironments/Environments/Town/Prefabs/Food_fish.prefab using Guid(d668028e8b0f12c498c623a6a33ac362) Importer(815301076,1909f56bfc062723c751e8b465ee728b)  -> (artifact id: '4c6a9f97f867aa0814b0e37405e04f8b') in 0.012233 seconds
Number of updated asset objects reloaded before import = 0
Number of asset objects unloaded after import = 9
========================================================================
Received Import Request.
  Time since last request: 0.276477 seconds.
  path: Assets/FantasyEnvironments/Environments/Town/Prefabs/Food_plate.prefab
  artifactKey: Guid(164e013af606b25439031b34bc805fb2) Importer(815301076,1909f56bfc062723c751e8b465ee728b)
Start importing Assets/FantasyEnvironments/Environments/Town/Prefabs/Food_plate.prefab using Guid(164e013af606b25439031b34bc805fb2) Importer(815301076,1909f56bfc062723c751e8b465ee728b)  -> (artifact id: 'a8281783382c320f7f4c605653780872') in 0.013147 seconds
Number of updated asset objects reloaded before import = 0
Number of asset objects unloaded after import = 9
========================================================================
Received Import Request.
  Time since last request: 0.000014 seconds.
  path: Assets/FantasyEnvironments/Environments/Town/FBXs/Food_plate_small.fbx
  artifactKey: Guid(85e08caa642840f45ac4eb74fa1b5c85) Importer(815301076,1909f56bfc062723c751e8b465ee728b)
Start importing Assets/FantasyEnvironments/Environments/Town/FBXs/Food_plate_small.fbx using Guid(85e08caa642840f45ac4eb74fa1b5c85) Importer(815301076,1909f56bfc062723c751e8b465ee728b)  -> (artifact id: '0d91d45633420ff13590a448b8cad9c7') in 0.013909 seconds
Number of updated asset objects reloaded before import = 0
Number of asset objects unloaded after import = 9
========================================================================
Received Import Request.
  Time since last request: 0.000015 seconds.
  path: Assets/FireArm Assets/Low-Poly AR Weapon Pack 1/Models/Attachments/UnderBarrels/ForwardGrip_A.fbx
  artifactKey: Guid(e9646c57067628f4a94a49221ef2c349) Importer(815301076,1909f56bfc062723c751e8b465ee728b)
Start importing Assets/FireArm Assets/Low-Poly AR Weapon Pack 1/Models/Attachments/UnderBarrels/ForwardGrip_A.fbx using Guid(e9646c57067628f4a94a49221ef2c349) Importer(815301076,1909f56bfc062723c751e8b465ee728b)  -> (artifact id: 'bc4d54fde6d833ea5fb0421e50c9b500') in 0.012971 seconds
Number of updated asset objects reloaded before import = 0
Number of asset objects unloaded after import = 7
========================================================================
Received Import Request.
  Time since last request: 0.000016 seconds.
  path: Assets/FireArm Assets/Low Poly ShotGun Weapon Pack 1/Prefabs/Attachments/UnderBarrels/ForwardGrip_B.prefab
  artifactKey: Guid(48fd2aa6589324e4e929347b3af07315) Importer(815301076,1909f56bfc062723c751e8b465ee728b)
Start importing Assets/FireArm Assets/Low Poly ShotGun Weapon Pack 1/Prefabs/Attachments/UnderBarrels/ForwardGrip_B.prefab using Guid(48fd2aa6589324e4e929347b3af07315) Importer(815301076,1909f56bfc062723c751e8b465ee728b)  -> (artifact id: 'a1f163370703da354625c0798fc42c78') in 0.011780 seconds
Number of updated asset objects reloaded before import = 0
Number of asset objects unloaded after import = 9
========================================================================
Received Import Request.
  Time since last request: 0.000020 seconds.
  path: Assets/FireArm Assets/Low-Poly AR Weapon Pack 1/Models/Attachments/UnderBarrels/ForwardGrip_B.fbx
  artifactKey: Guid(07a4e3f14fda86a438c66e5ab07b161c) Importer(815301076,1909f56bfc062723c751e8b465ee728b)
Start importing Assets/FireArm Assets/Low-Poly AR Weapon Pack 1/Models/Attachments/UnderBarrels/ForwardGrip_B.fbx using Guid(07a4e3f14fda86a438c66e5ab07b161c) Importer(815301076,1909f56bfc062723c751e8b465ee728b)  -> (artifact id: '1242ddd9f9530afc3d71e0ff101be7ec') in 0.012521 seconds
Number of updated asset objects reloaded before import = 0
Number of asset objects unloaded after import = 7
========================================================================
Received Import Request.
  Time since last request: 0.179503 seconds.
  path: Assets/FantasyEnvironments/Environments/Town/Prefabs/Furniture_bed.prefab
  artifactKey: Guid(0e6f17b37bae2034c908fee784921b85) Importer(815301076,1909f56bfc062723c751e8b465ee728b)
Start importing Assets/FantasyEnvironments/Environments/Town/Prefabs/Furniture_bed.prefab using Guid(0e6f17b37bae2034c908fee784921b85) Importer(815301076,1909f56bfc062723c751e8b465ee728b)  -> (artifact id: '6a254381ddd0ad7977eca03f9ab17a67') in 0.013148 seconds
Number of updated asset objects reloaded before import = 0
Number of asset objects unloaded after import = 10
========================================================================
Received Import Request.
  Time since last request: 0.000012 seconds.
  path: Assets/FantasyEnvironments/Environments/Town/FBXs/Furniture_book1.fbx
  artifactKey: Guid(d658de9eecaece74eb6367c7c970e85b) Importer(815301076,1909f56bfc062723c751e8b465ee728b)
Start importing Assets/FantasyEnvironments/Environments/Town/FBXs/Furniture_book1.fbx using Guid(d658de9eecaece74eb6367c7c970e85b) Importer(815301076,1909f56bfc062723c751e8b465ee728b)  -> (artifact id: 'db83403d37401173cf88f191f3345715') in 0.015316 seconds
Number of updated asset objects reloaded before import = 0
Number of asset objects unloaded after import = 9
========================================================================
Received Import Request.
  Time since last request: 0.000013 seconds.
  path: Assets/FantasyEnvironments/Environments/Town/Prefabs/Furniture_candlestick1.prefab
  artifactKey: Guid(e965607d197150b43a6dabdf25ed1ac5) Importer(815301076,1909f56bfc062723c751e8b465ee728b)
Start importing Assets/FantasyEnvironments/Environments/Town/Prefabs/Furniture_candlestick1.prefab using Guid(e965607d197150b43a6dabdf25ed1ac5) Importer(815301076,1909f56bfc062723c751e8b465ee728b)  -> (artifact id: 'e0a2d48d8d526404dde99093ce373f5e') in 0.034338 seconds
Number of updated asset objects reloaded before import = 0
Number of asset objects unloaded after import = 15
========================================================================
Received Import Request.
  Time since last request: 0.208465 seconds.
  path: Assets/FantasyEnvironments/Environments/Town/FBXs/Furniture_chair1.fbx
  artifactKey: Guid(de7174626349a9d4fad0c8496fbb66fd) Importer(815301076,1909f56bfc062723c751e8b465ee728b)
Start importing Assets/FantasyEnvironments/Environments/Town/FBXs/Furniture_chair1.fbx using Guid(de7174626349a9d4fad0c8496fbb66fd) Importer(815301076,1909f56bfc062723c751e8b465ee728b)  -> (artifact id: '537064c8f7d9f64f1624d70b1d1f92c1') in 0.014867 seconds
Number of updated asset objects reloaded before import = 0
Number of asset objects unloaded after import = 9
========================================================================
Received Import Request.
  Time since last request: 0.000013 seconds.
  path: Assets/FantasyEnvironments/Environments/Town/Prefabs/Furniture_chair3.prefab
  artifactKey: Guid(cecfc534c2fbbe44f9042b26f8ccb565) Importer(815301076,1909f56bfc062723c751e8b465ee728b)
Start importing Assets/FantasyEnvironments/Environments/Town/Prefabs/Furniture_chair3.prefab using Guid(cecfc534c2fbbe44f9042b26f8ccb565) Importer(815301076,1909f56bfc062723c751e8b465ee728b)  -> (artifact id: '7d4698effc49b45631411008fa99fd7f') in 0.014405 seconds
Number of updated asset objects reloaded before import = 0
Number of asset objects unloaded after import = 10
========================================================================
Received Import Request.
  Time since last request: 0.000014 seconds.
  path: Assets/FantasyEnvironments/Environments/Town/Prefabs/Furniture_cupboard1.prefab
  artifactKey: Guid(b5c3592c56825e9468618db93beb96d7) Importer(815301076,1909f56bfc062723c751e8b465ee728b)
Start importing Assets/FantasyEnvironments/Environments/Town/Prefabs/Furniture_cupboard1.prefab using Guid(b5c3592c56825e9468618db93beb96d7) Importer(815301076,1909f56bfc062723c751e8b465ee728b)  -> (artifact id: '463d3f668a3a281a751ab3d138ddd359') in 0.010979 seconds
Number of updated asset objects reloaded before import = 0
Number of asset objects unloaded after import = 10
========================================================================
Received Import Request.
  Time since last request: 0.000013 seconds.
  path: Assets/FantasyEnvironments/Environments/Town/Prefabs/Furniture_elixir1.prefab
  artifactKey: Guid(182522b21312ecd49b2a940eb7588df3) Importer(815301076,1909f56bfc062723c751e8b465ee728b)
Start importing Assets/FantasyEnvironments/Environments/Town/Prefabs/Furniture_elixir1.prefab using Guid(182522b21312ecd49b2a940eb7588df3) Importer(815301076,1909f56bfc062723c751e8b465ee728b)  -> (artifact id: '9d6f144c06ebac9b4c58d682f8b738e2') in 0.012315 seconds
Number of updated asset objects reloaded before import = 0
Number of asset objects unloaded after import = 9
========================================================================
Received Import Request.
  Time since last request: 0.000019 seconds.
  path: Assets/FantasyEnvironments/Environments/Town/FBXs/Furniture_elixir1.fbx
  artifactKey: Guid(212c1558ca2f65a4096ec7667394c220) Importer(815301076,1909f56bfc062723c751e8b465ee728b)
Start importing Assets/FantasyEnvironments/Environments/Town/FBXs/Furniture_elixir1.fbx using Guid(212c1558ca2f65a4096ec7667394c220) Importer(815301076,1909f56bfc062723c751e8b465ee728b)  -> (artifact id: '2d3aa3d5f5ff1cf0e0601b9fc7f71841') in 0.014511 seconds
Number of updated asset objects reloaded before import = 0
Number of asset objects unloaded after import = 9
========================================================================
Received Import Request.
  Time since last request: 0.231476 seconds.
  path: Assets/FantasyEnvironments/Environments/Town/Prefabs/Furniture_elixir3.prefab
  artifactKey: Guid(789d37e00975295428b2c0a115bb1294) Importer(815301076,1909f56bfc062723c751e8b465ee728b)
Start importing Assets/FantasyEnvironments/Environments/Town/Prefabs/Furniture_elixir3.prefab using Guid(789d37e00975295428b2c0a115bb1294) Importer(815301076,1909f56bfc062723c751e8b465ee728b)  -> (artifact id: 'dbcd949caca618aac6e29e1e6d694c59') in 0.013449 seconds
Number of updated asset objects reloaded before import = 0
Number of asset objects unloaded after import = 9
========================================================================
Received Import Request.
  Time since last request: 0.000018 seconds.
  path: Assets/FantasyEnvironments/Environments/Town/FBXs/Furniture_scroll.fbx
  artifactKey: Guid(e63755afbf166d54fafaa281453ab601) Importer(815301076,1909f56bfc062723c751e8b465ee728b)
Start importing Assets/FantasyEnvironments/Environments/Town/FBXs/Furniture_scroll.fbx using Guid(e63755afbf166d54fafaa281453ab601) Importer(815301076,1909f56bfc062723c751e8b465ee728b)  -> (artifact id: '94ae7a8fcd98c67b398ac3bc24134144') in 0.012896 seconds
Number of updated asset objects reloaded before import = 0
Number of asset objects unloaded after import = 9
========================================================================
Received Import Request.
  Time since last request: 0.000011 seconds.
  path: Assets/FantasyEnvironments/Environments/Town/Prefabs/Furniture_table_round.prefab
  artifactKey: Guid(c52f5c6f08ce3b54e9d7300b6225a312) Importer(815301076,1909f56bfc062723c751e8b465ee728b)
Start importing Assets/FantasyEnvironments/Environments/Town/Prefabs/Furniture_table_round.prefab using Guid(c52f5c6f08ce3b54e9d7300b6225a312) Importer(815301076,1909f56bfc062723c751e8b465ee728b)  -> (artifact id: '9008af3877b07aa062ba42d50f4bb63c') in 0.013575 seconds
Number of updated asset objects reloaded before import = 0
Number of asset objects unloaded after import = 11
========================================================================
Received Import Request.
  Time since last request: 0.226210 seconds.
  path: Assets/FantasyEnvironments/Environments/Town/Prefabs/Furniture_tablecloth.prefab
  artifactKey: Guid(dc5d119be17e64146add7deca74e5ea3) Importer(815301076,1909f56bfc062723c751e8b465ee728b)
Start importing Assets/FantasyEnvironments/Environments/Town/Prefabs/Furniture_tablecloth.prefab using Guid(dc5d119be17e64146add7deca74e5ea3) Importer(815301076,1909f56bfc062723c751e8b465ee728b)  -> (artifact id: 'ba2500b9a2fdc18032200049913dadc6') in 0.012122 seconds
Number of updated asset objects reloaded before import = 0
Number of asset objects unloaded after import = 10
========================================================================
Received Import Request.
  Time since last request: 0.000018 seconds.
  path: Assets/FantasyEnvironments/Environments/Town/Prefabs/Furniture_tablecloth_small.prefab
  artifactKey: Guid(ea4f3b07c0efeb24ca3ef28e4e64fcdc) Importer(815301076,1909f56bfc062723c751e8b465ee728b)
Start importing Assets/FantasyEnvironments/Environments/Town/Prefabs/Furniture_tablecloth_small.prefab using Guid(ea4f3b07c0efeb24ca3ef28e4e64fcdc) Importer(815301076,1909f56bfc062723c751e8b465ee728b)  -> (artifact id: '60126aa51bd6eba6f0af62f887e54f6f') in 0.012533 seconds
Number of updated asset objects reloaded before import = 0
Number of asset objects unloaded after import = 10
========================================================================
Received Import Request.
  Time since last request: 0.000015 seconds.
  path: Assets/FantasyEnvironments/Environments/FBX/Grass2.fbx
  artifactKey: Guid(927a32c231dd7f04b9fe0998737c0ee2) Importer(815301076,1909f56bfc062723c751e8b465ee728b)
Start importing Assets/FantasyEnvironments/Environments/FBX/Grass2.fbx using Guid(927a32c231dd7f04b9fe0998737c0ee2) Importer(815301076,1909f56bfc062723c751e8b465ee728b)  -> (artifact id: 'bdce112bd09584966d6022ccea3082ca') in 0.015939 seconds
Number of updated asset objects reloaded before import = 0
Number of asset objects unloaded after import = 9
========================================================================
Received Import Request.
  Time since last request: 0.000020 seconds.
  path: Assets/FantasyEnvironments/Environments/FBX/Grass4.fbx
  artifactKey: Guid(9bd9cdae77499824d9fe6de6d03dc6c3) Importer(815301076,1909f56bfc062723c751e8b465ee728b)
Start importing Assets/FantasyEnvironments/Environments/FBX/Grass4.fbx using Guid(9bd9cdae77499824d9fe6de6d03dc6c3) Importer(815301076,1909f56bfc062723c751e8b465ee728b)  -> (artifact id: '27b0ace6fc37d6c8393150ae903ebc5c') in 0.015884 seconds
Number of updated asset objects reloaded before import = 0
Number of asset objects unloaded after import = 9
========================================================================
Received Import Request.
  Time since last request: 0.000013 seconds.
  path: Assets/TerrainSampleAssets/Prefabs/Grass_B.prefab
  artifactKey: Guid(7b3e6db10d22f504dbc606110b2cb5e7) Importer(815301076,1909f56bfc062723c751e8b465ee728b)
Start importing Assets/TerrainSampleAssets/Prefabs/Grass_B.prefab using Guid(7b3e6db10d22f504dbc606110b2cb5e7) Importer(815301076,1909f56bfc062723c751e8b465ee728b)  -> (artifact id: 'b58fefeaa2c6db3bb31a8f6c9844d0c9') in 0.089798 seconds
Number of updated asset objects reloaded before import = 0
Number of asset objects unloaded after import = 13
========================================================================
Received Import Request.
  Time since last request: 0.141285 seconds.
  path: Assets/TerrainSampleAssets/Prefabs/GrassDry_B.prefab
  artifactKey: Guid(3d4dd2affe15db043a6502ae256cd0d4) Importer(815301076,1909f56bfc062723c751e8b465ee728b)
Start importing Assets/TerrainSampleAssets/Prefabs/GrassDry_B.prefab using Guid(3d4dd2affe15db043a6502ae256cd0d4) Importer(815301076,1909f56bfc062723c751e8b465ee728b)  -> (artifact id: 'ca5089c7d34d3455054bbe53ba07c389') in 0.026123 seconds
Number of updated asset objects reloaded before import = 0
Number of asset objects unloaded after import = 13
========================================================================
Received Import Request.
  Time since last request: 0.000010 seconds.
  path: Assets/QuarterView 3D Action BE5/Particles/Grenade Explosion.prefab
  artifactKey: Guid(46ffadbb188f9ab498b623c4290ef656) Importer(815301076,1909f56bfc062723c751e8b465ee728b)
Start importing Assets/QuarterView 3D Action BE5/Particles/Grenade Explosion.prefab using Guid(46ffadbb188f9ab498b623c4290ef656) Importer(815301076,1909f56bfc062723c751e8b465ee728b)  -> (artifact id: '21ee3691da127bf25bc8cc9935d0946e') in 0.012916 seconds
Number of updated asset objects reloaded before import = 0
Number of asset objects unloaded after import = 10
========================================================================
Received Import Request.
  Time since last request: 0.000017 seconds.
  path: Assets/Prefabs/Grenade.prefab
  artifactKey: Guid(bd866206bd0c0f74294f18cb56fcd50f) Importer(815301076,1909f56bfc062723c751e8b465ee728b)
Start importing Assets/Prefabs/Grenade.prefab using Guid(bd866206bd0c0f74294f18cb56fcd50f) Importer(815301076,1909f56bfc062723c751e8b465ee728b)  -> (artifact id: '881c063330a022e12a277158dc4e2d07') in 0.014743 seconds
Number of updated asset objects reloaded before import = 0
Number of asset objects unloaded after import = 47
========================================================================
Received Import Request.
  Time since last request: 0.254488 seconds.
  path: Assets/FantasyEnvironments/Environments/Town/Prefabs/House3.prefab
  artifactKey: Guid(f4e6ccfc0f9f2de43b1f6ab60a2e5f44) Importer(815301076,1909f56bfc062723c751e8b465ee728b)
Start importing Assets/FantasyEnvironments/Environments/Town/Prefabs/House3.prefab using Guid(f4e6ccfc0f9f2de43b1f6ab60a2e5f44) Importer(815301076,1909f56bfc062723c751e8b465ee728b)  -> (artifact id: 'e6b82a66d0bd8f114954e182e5368a2b') in 0.014461 seconds
Number of updated asset objects reloaded before import = 0
Number of asset objects unloaded after import = 11
========================================================================
Received Import Request.
  Time since last request: 0.000017 seconds.
  path: Assets/QuarterView 3D Action BE5/Prefabs/Item Ammo.prefab
  artifactKey: Guid(1adf4771a2a84ef4eaaadba340ae7c77) Importer(815301076,1909f56bfc062723c751e8b465ee728b)
Start importing Assets/QuarterView 3D Action BE5/Prefabs/Item Ammo.prefab using Guid(1adf4771a2a84ef4eaaadba340ae7c77) Importer(815301076,1909f56bfc062723c751e8b465ee728b)  -> (artifact id: '609cab376e601545d09ff2bd5686650c') in 0.001527 seconds
Number of updated asset objects reloaded before import = 0
Number of asset objects unloaded after import = 8
========================================================================
Received Import Request.
  Time since last request: 0.012946 seconds.
  path: Assets/FireArm Assets/Low-Poly AR Weapon Pack 1/Prefabs/Attachments/Accessories/Laser_A.prefab
  artifactKey: Guid(59293ee77acd3a14e8fb7a7874d72012) Importer(815301076,1909f56bfc062723c751e8b465ee728b)
Start importing Assets/FireArm Assets/Low-Poly AR Weapon Pack 1/Prefabs/Attachments/Accessories/Laser_A.prefab using Guid(59293ee77acd3a14e8fb7a7874d72012) Importer(815301076,1909f56bfc062723c751e8b465ee728b)  -> (artifact id: 'a789df8946d2f85f13692a0208204bd9') in 0.012485 seconds
Number of updated asset objects reloaded before import = 0
Number of asset objects unloaded after import = 9
========================================================================
Received Import Request.
  Time since last request: 0.000014 seconds.
  path: Assets/FireArm Assets/Low Poly Pistol Weapon Pack 1/Models/Attachments/Accessories/Laser_Pistol_A.fbx
  artifactKey: Guid(374d723d1f2442240a083725781b45ab) Importer(815301076,1909f56bfc062723c751e8b465ee728b)
Start importing Assets/FireArm Assets/Low Poly Pistol Weapon Pack 1/Models/Attachments/Accessories/Laser_Pistol_A.fbx using Guid(374d723d1f2442240a083725781b45ab) Importer(815301076,1909f56bfc062723c751e8b465ee728b)  -> (artifact id: '68f287a4034f253e1b5a7adf6baa2ce1') in 0.017063 seconds
Number of updated asset objects reloaded before import = 0
Number of asset objects unloaded after import = 7
========================================================================
Received Import Request.
  Time since last request: 0.000013 seconds.
  path: Assets/FireArm Assets/Low Poly ShotGun Weapon Pack 1/Prefabs/Attachments/Accessories/Laser_A_Left.prefab
  artifactKey: Guid(732c70231a6a7484eab788cbade89835) Importer(815301076,1909f56bfc062723c751e8b465ee728b)
Start importing Assets/FireArm Assets/Low Poly ShotGun Weapon Pack 1/Prefabs/Attachments/Accessories/Laser_A_Left.prefab using Guid(732c70231a6a7484eab788cbade89835) Importer(815301076,1909f56bfc062723c751e8b465ee728b)  -> (artifact id: 'd1f89dd45fd24464ff9d9604a33a312d') in 0.012563 seconds
Number of updated asset objects reloaded before import = 0
Number of asset objects unloaded after import = 9
========================================================================
Received Import Request.
  Time since last request: 0.269884 seconds.
  path: Assets/FireArm Assets/Low Poly ShotGun Weapon Pack 1/Models/Attachments/Accessories/Light_A_Right.fbx
  artifactKey: Guid(653bed4e3960d2a4889eaf241a73794e) Importer(815301076,1909f56bfc062723c751e8b465ee728b)
Start importing Assets/FireArm Assets/Low Poly ShotGun Weapon Pack 1/Models/Attachments/Accessories/Light_A_Right.fbx using Guid(653bed4e3960d2a4889eaf241a73794e) Importer(815301076,1909f56bfc062723c751e8b465ee728b)  -> (artifact id: '1ced6eab6953f3c93afdf43b3721e527') in 0.017084 seconds
Number of updated asset objects reloaded before import = 0
Number of asset objects unloaded after import = 12
========================================================================
Received Import Request.
  Time since last request: 0.014297 seconds.
  path: Assets/QuarterView 3D Action BE5/Prefabs/Luna.prefab
  artifactKey: Guid(6f5cb1003ab50aa4b9bc26bc9ca47159) Importer(815301076,1909f56bfc062723c751e8b465ee728b)
Start importing Assets/QuarterView 3D Action BE5/Prefabs/Luna.prefab using Guid(6f5cb1003ab50aa4b9bc26bc9ca47159) Importer(815301076,1909f56bfc062723c751e8b465ee728b)  -> (artifact id: '06ab852633c5e200b811fbbe012c6eff') in 0.013500 seconds
Number of updated asset objects reloaded before import = 0
Number of asset objects unloaded after import = 131
========================================================================
Received Import Request.
  Time since last request: 0.000013 seconds.
  path: Assets/FireArm Assets/M203.fbx
  artifactKey: Guid(218cf26b1346e9546af9c0585ace2739) Importer(815301076,1909f56bfc062723c751e8b465ee728b)
Start importing Assets/FireArm Assets/M203.fbx using Guid(218cf26b1346e9546af9c0585ace2739) Importer(815301076,1909f56bfc062723c751e8b465ee728b)  -> (artifact id: 'e5b8f5a93a38485c65cf9c229b993343') in 0.027265 seconds
Number of updated asset objects reloaded before import = 0
Number of asset objects unloaded after import = 16
========================================================================
Received Import Request.
  Time since last request: 0.318364 seconds.
  path: Assets/LowPolyBarriersPackFree/BarriersAssets/Meshes/MetalBarriers/MetalFence_23_v1.fbx
  artifactKey: Guid(c9c5970fb22921b4ea495bc9e1600c21) Importer(815301076,1909f56bfc062723c751e8b465ee728b)
Start importing Assets/LowPolyBarriersPackFree/BarriersAssets/Meshes/MetalBarriers/MetalFence_23_v1.fbx using Guid(c9c5970fb22921b4ea495bc9e1600c21) Importer(815301076,1909f56bfc062723c751e8b465ee728b)  -> (artifact id: '3590df926c7ddf3b6939a60c3b8c2f0d') in 0.014932 seconds
Number of updated asset objects reloaded before import = 0
Number of asset objects unloaded after import = 8
========================================================================
Received Import Request.
  Time since last request: 0.022909 seconds.
  path: Assets/FantasyEnvironments/Environments/Prefabs/Mushroom2.prefab
  artifactKey: Guid(4c2012bc51015e8438152a82f7d7dc32) Importer(815301076,1909f56bfc062723c751e8b465ee728b)
Start importing Assets/FantasyEnvironments/Environments/Prefabs/Mushroom2.prefab using Guid(4c2012bc51015e8438152a82f7d7dc32) Importer(815301076,1909f56bfc062723c751e8b465ee728b)  -> (artifact id: 'dee2d362fe01aaf8d2467bb138fc1757') in 0.014622 seconds
Number of updated asset objects reloaded before import = 0
Number of asset objects unloaded after import = 16
========================================================================
Received Import Request.
  Time since last request: 0.000013 seconds.
  path: Assets/FantasyEnvironments/Environments/FBX/Mushroom3.fbx
  artifactKey: Guid(0c421294d0b14104aa75c717f70cd953) Importer(815301076,1909f56bfc062723c751e8b465ee728b)
Start importing Assets/FantasyEnvironments/Environments/FBX/Mushroom3.fbx using Guid(0c421294d0b14104aa75c717f70cd953) Importer(815301076,1909f56bfc062723c751e8b465ee728b)  -> (artifact id: '88ddd9566a5ed730bc8fd104fe051c81') in 0.015824 seconds
Number of updated asset objects reloaded before import = 0
Number of asset objects unloaded after import = 9
========================================================================
Received Import Request.
  Time since last request: 0.000017 seconds.
  path: Assets/FantasyEnvironments/Environments/FBX/Mushroom5.fbx
  artifactKey: Guid(42f444b29b33b59438c6975013d78d82) Importer(815301076,1909f56bfc062723c751e8b465ee728b)
Start importing Assets/FantasyEnvironments/Environments/FBX/Mushroom5.fbx using Guid(42f444b29b33b59438c6975013d78d82) Importer(815301076,1909f56bfc062723c751e8b465ee728b)  -> (artifact id: '5173884b604e34f94073dea1ff5c1cf2') in 0.016395 seconds
Number of updated asset objects reloaded before import = 0
Number of asset objects unloaded after import = 9
========================================================================
Received Import Request.
  Time since last request: 1.705854 seconds.
  path: Assets/FireArm Assets/Low Poly Pistol Weapon Pack 1/Prefabs/Attachments/Barrels/Muzzle_Pistol_Brake_A.prefab
  artifactKey: Guid(1475eeb8cf7630a4dbf9b744ecaad24d) Importer(815301076,1909f56bfc062723c751e8b465ee728b)
Start importing Assets/FireArm Assets/Low Poly Pistol Weapon Pack 1/Prefabs/Attachments/Barrels/Muzzle_Pistol_Brake_A.prefab using Guid(1475eeb8cf7630a4dbf9b744ecaad24d) Importer(815301076,1909f56bfc062723c751e8b465ee728b)  -> (artifact id: '956d03e21af7eace4ee5f53f240adb72') in 0.033279 seconds
Number of updated asset objects reloaded before import = 0
Number of asset objects unloaded after import = 9
========================================================================
Received Import Request.
  Time since last request: 0.000012 seconds.
  path: Assets/FireArm Assets/Low Poly ShotGun Weapon Pack 1/Models/Attachments/Barrels/Muzzle_ShotGun_Flash Hider_A.fbx
  artifactKey: Guid(436e4a01b4fab7a409ea5a93026328c4) Importer(815301076,1909f56bfc062723c751e8b465ee728b)
Start importing Assets/FireArm Assets/Low Poly ShotGun Weapon Pack 1/Models/Attachments/Barrels/Muzzle_ShotGun_Flash Hider_A.fbx using Guid(436e4a01b4fab7a409ea5a93026328c4) Importer(815301076,1909f56bfc062723c751e8b465ee728b)  -> (artifact id: '7c56bbea8f1565c66a271e6b8c61772f') in 0.017699 seconds
Number of updated asset objects reloaded before import = 0
Number of asset objects unloaded after import = 7
========================================================================
Received Import Request.
  Time since last request: 0.000012 seconds.
  path: Assets/FireArm Assets/Low Poly Pistol Weapon Pack 1/Prefabs/Attachments/Barrels/Muzzle_Pistol_Suppressor_B.prefab
  artifactKey: Guid(f10376e0d4c8d0e4f823eabce7adb108) Importer(815301076,1909f56bfc062723c751e8b465ee728b)
Start importing Assets/FireArm Assets/Low Poly Pistol Weapon Pack 1/Prefabs/Attachments/Barrels/Muzzle_Pistol_Suppressor_B.prefab using Guid(f10376e0d4c8d0e4f823eabce7adb108) Importer(815301076,1909f56bfc062723c751e8b465ee728b)  -> (artifact id: '76fe46b77d1d0471cb036df8270dc8c2') in 0.012765 seconds
Number of updated asset objects reloaded before import = 0
Number of asset objects unloaded after import = 9
========================================================================
Received Import Request.
  Time since last request: 0.000017 seconds.
  path: Assets/FireArm Assets/Low Poly ShotGun Weapon Pack 1/Prefabs/Attachments/Barrels/Muzzle_ShotGun_Suppresor_A.prefab
  artifactKey: Guid(1c9418ba10c467e458a0fb62858a0676) Importer(815301076,1909f56bfc062723c751e8b465ee728b)
Start importing Assets/FireArm Assets/Low Poly ShotGun Weapon Pack 1/Prefabs/Attachments/Barrels/Muzzle_ShotGun_Suppresor_A.prefab using Guid(1c9418ba10c467e458a0fb62858a0676) Importer(815301076,1909f56bfc062723c751e8b465ee728b)  -> (artifact id: '958ff1a604e6178d66ee226a4e22c5af') in 0.010536 seconds
Number of updated asset objects reloaded before import = 0
Number of asset objects unloaded after import = 9
========================================================================
Received Import Request.
  Time since last request: 0.203372 seconds.
  path: Assets/FantasyEnvironments/Environments/Ambient-Occlusion-Trees/Prefabs/Oak_tree2.prefab
  artifactKey: Guid(97c810fbbe2577a45863f4be151b599b) Importer(815301076,1909f56bfc062723c751e8b465ee728b)
Start importing Assets/FantasyEnvironments/Environments/Ambient-Occlusion-Trees/Prefabs/Oak_tree2.prefab using Guid(97c810fbbe2577a45863f4be151b599b) Importer(815301076,1909f56bfc062723c751e8b465ee728b)  -> (artifact id: '138fb67cda5a3386fcb305613b1c70e0') in 0.013724 seconds
Number of updated asset objects reloaded before import = 0
Number of asset objects unloaded after import = 12
========================================================================
Received Import Request.
  Time since last request: 0.000011 seconds.
  path: Assets/FireArm Assets/Low-Poly AR Weapon Pack 1/Prefabs/Attachments/Optics/Optic_A.prefab
  artifactKey: Guid(6c2ac860ad2ed644e8c7c643aea4e921) Importer(815301076,1909f56bfc062723c751e8b465ee728b)
Start importing Assets/FireArm Assets/Low-Poly AR Weapon Pack 1/Prefabs/Attachments/Optics/Optic_A.prefab using Guid(6c2ac860ad2ed644e8c7c643aea4e921) Importer(815301076,1909f56bfc062723c751e8b465ee728b)  -> (artifact id: '5defbcc52582e066a8e5a1464a5c9070') in 0.012537 seconds
Number of updated asset objects reloaded before import = 0
Number of asset objects unloaded after import = 9
========================================================================
Received Import Request.
  Time since last request: 0.000013 seconds.
  path: Assets/FantasyEnvironments/Environments/Ambient-Occlusion-Trees/FBX/Oak_tree2.fbx
  artifactKey: Guid(9cde2a64da82d2740998a8adbde0c9aa) Importer(815301076,1909f56bfc062723c751e8b465ee728b)
Start importing Assets/FantasyEnvironments/Environments/Ambient-Occlusion-Trees/FBX/Oak_tree2.fbx using Guid(9cde2a64da82d2740998a8adbde0c9aa) Importer(815301076,1909f56bfc062723c751e8b465ee728b)  -> (artifact id: '6eed7aa36bbbd1400c985417f8578d3d') in 0.015437 seconds
Number of updated asset objects reloaded before import = 0
Number of asset objects unloaded after import = 11
========================================================================
Received Import Request.
  Time since last request: 0.232066 seconds.
  path: Assets/FireArm Assets/Low Poly ShotGun Weapon Pack 1/Models/Attachments/Optics/Optic_E.fbx
  artifactKey: Guid(7961223c7348f5c448ef8ef56e64b695) Importer(815301076,1909f56bfc062723c751e8b465ee728b)
Start importing Assets/FireArm Assets/Low Poly ShotGun Weapon Pack 1/Models/Attachments/Optics/Optic_E.fbx using Guid(7961223c7348f5c448ef8ef56e64b695) Importer(815301076,1909f56bfc062723c751e8b465ee728b)  -> (artifact id: '1e11640a64156ae760c090e09eb9bccc') in 0.011728 seconds
Number of updated asset objects reloaded before import = 0
Number of asset objects unloaded after import = 7
========================================================================
Received Import Request.
  Time since last request: 0.000011 seconds.
  path: Assets/FireArm Assets/Low Poly ShotGun Weapon Pack 1/Prefabs/Attachments/Optics/Optic_E.prefab
  artifactKey: Guid(c6b9f4cc35c23a44481f3955954cc0f5) Importer(815301076,1909f56bfc062723c751e8b465ee728b)
Start importing Assets/FireArm Assets/Low Poly ShotGun Weapon Pack 1/Prefabs/Attachments/Optics/Optic_E.prefab using Guid(c6b9f4cc35c23a44481f3955954cc0f5) Importer(815301076,1909f56bfc062723c751e8b465ee728b)  -> (artifact id: '8e6b26cad7fe836b1a94af7b00c7e352') in 0.011691 seconds
Number of updated asset objects reloaded before import = 0
Number of asset objects unloaded after import = 9
========================================================================
Received Import Request.
  Time since last request: 0.000011 seconds.
  path: Assets/FireArm Assets/Low Poly Pistol Weapon Pack 1/Prefabs/Attachments/Optics/Optic_Pistol_A.prefab
  artifactKey: Guid(597de5379d6cb794eabdf5715dc03371) Importer(815301076,1909f56bfc062723c751e8b465ee728b)
Start importing Assets/FireArm Assets/Low Poly Pistol Weapon Pack 1/Prefabs/Attachments/Optics/Optic_Pistol_A.prefab using Guid(597de5379d6cb794eabdf5715dc03371) Importer(815301076,1909f56bfc062723c751e8b465ee728b)  -> (artifact id: 'bc44308170288c901035ce27738af89a') in 0.011407 seconds
Number of updated asset objects reloaded before import = 0
Number of asset objects unloaded after import = 9
========================================================================
Received Import Request.
  Time since last request: 0.000013 seconds.
  path: Assets/FantasyEnvironments/Environments/Ambient-Occlusion-Trees/FBX/Pine_stump.fbx
  artifactKey: Guid(83ae6d480d8ae8d49aa9ca1927b51ca0) Importer(815301076,1909f56bfc062723c751e8b465ee728b)
Start importing Assets/FantasyEnvironments/Environments/Ambient-Occlusion-Trees/FBX/Pine_stump.fbx using Guid(83ae6d480d8ae8d49aa9ca1927b51ca0) Importer(815301076,1909f56bfc062723c751e8b465ee728b)  -> (artifact id: 'ed7d4121712a1037fa534d04495a367b') in 0.030869 seconds
Number of updated asset objects reloaded before import = 0
Number of asset objects unloaded after import = 25
========================================================================
Received Import Request.
  Time since last request: 0.000018 seconds.
  path: Assets/FantasyEnvironments/Environments/Ambient-Occlusion-Trees/Prefabs/Pine_tree2.prefab
  artifactKey: Guid(f86a19e11c6b9734ba52832ec45ee16f) Importer(815301076,1909f56bfc062723c751e8b465ee728b)
Start importing Assets/FantasyEnvironments/Environments/Ambient-Occlusion-Trees/Prefabs/Pine_tree2.prefab using Guid(f86a19e11c6b9734ba52832ec45ee16f) Importer(815301076,1909f56bfc062723c751e8b465ee728b)  -> (artifact id: '1078e07edc56913505c8f6cc46ccbf3f') in 0.013173 seconds
Number of updated asset objects reloaded before import = 0
Number of asset objects unloaded after import = 12
========================================================================
Received Import Request.
  Time since last request: 0.199688 seconds.
  path: Assets/Prefabs/Weapon/Pistol.prefab
  artifactKey: Guid(79bbe19d0065ae54ab6e994de083d8c6) Importer(815301076,1909f56bfc062723c751e8b465ee728b)
Start importing Assets/Prefabs/Weapon/Pistol.prefab using Guid(79bbe19d0065ae54ab6e994de083d8c6) Importer(815301076,1909f56bfc062723c751e8b465ee728b)  -> (artifact id: 'e0d879b14e56353bf2515213267667c0') in 0.013906 seconds
Number of updated asset objects reloaded before import = 0
Number of asset objects unloaded after import = 96
========================================================================
Received Import Request.
  Time since last request: 0.027859 seconds.
  path: Assets/FireArm Assets/Low Poly Pistol Weapon Pack 1/Models/Weapons/Pistol_C.fbx
  artifactKey: Guid(df3059317c4c7b046842616029bd7762) Importer(815301076,1909f56bfc062723c751e8b465ee728b)
Start importing Assets/FireArm Assets/Low Poly Pistol Weapon Pack 1/Models/Weapons/Pistol_C.fbx using Guid(df3059317c4c7b046842616029bd7762) Importer(815301076,1909f56bfc062723c751e8b465ee728b)  -> (artifact id: '0cf7357c4ed7d9afee1b41da87f76b78') in 0.047839 seconds
Number of updated asset objects reloaded before import = 0
Number of asset objects unloaded after import = 34
========================================================================
Received Import Request.
  Time since last request: 0.197944 seconds.
  path: Assets/FantasyEnvironments/Environments/FBX/Plant1.fbx
  artifactKey: Guid(108b6bb4445826d4ba4f563d544c68f2) Importer(815301076,1909f56bfc062723c751e8b465ee728b)
Start importing Assets/FantasyEnvironments/Environments/FBX/Plant1.fbx using Guid(108b6bb4445826d4ba4f563d544c68f2) Importer(815301076,1909f56bfc062723c751e8b465ee728b)  -> (artifact id: '18d19c837321d0b1bce6e1e551a1c73b') in 0.015617 seconds
Number of updated asset objects reloaded before import = 0
Number of asset objects unloaded after import = 9
========================================================================
Received Import Request.
  Time since last request: 0.012450 seconds.
  path: Assets/FantasyEnvironments/Environments/FBX/Plant3.FBX
  artifactKey: Guid(0ebd81a74cccb734e8c5b1aa1620ba01) Importer(815301076,1909f56bfc062723c751e8b465ee728b)
Start importing Assets/FantasyEnvironments/Environments/FBX/Plant3.FBX using Guid(0ebd81a74cccb734e8c5b1aa1620ba01) Importer(815301076,1909f56bfc062723c751e8b465ee728b)  -> (artifact id: 'e63507896409b34b85d16e4464c9a4a3') in 0.016077 seconds
Number of updated asset objects reloaded before import = 0
Number of asset objects unloaded after import = 9
========================================================================
Received Import Request.
  Time since last request: 0.000017 seconds.
  path: Assets/FantasyEnvironments/Environments/Prefabs/Plant5.prefab
  artifactKey: Guid(0e418186bde4c6d4ab2d787c4e5346db) Importer(815301076,1909f56bfc062723c751e8b465ee728b)
Start importing Assets/FantasyEnvironments/Environments/Prefabs/Plant5.prefab using Guid(0e418186bde4c6d4ab2d787c4e5346db) Importer(815301076,1909f56bfc062723c751e8b465ee728b)  -> (artifact id: 'd4ac2fdf8850f8355beab036c8a76ddc') in 0.014585 seconds
Number of updated asset objects reloaded before import = 0
Number of asset objects unloaded after import = 16
========================================================================
Received Import Request.
  Time since last request: 0.000015 seconds.
  path: Assets/TerrainSampleAssets/Prefabs/Plant_A.prefab
  artifactKey: Guid(6d6ea10f03c4d7245a66d6515bf1bc6d) Importer(815301076,1909f56bfc062723c751e8b465ee728b)
Start importing Assets/TerrainSampleAssets/Prefabs/Plant_A.prefab using Guid(6d6ea10f03c4d7245a66d6515bf1bc6d) Importer(815301076,1909f56bfc062723c751e8b465ee728b)  -> (artifact id: '542860c0c245e875afd03aaf60767c41') in 0.034870 seconds
Number of updated asset objects reloaded before import = 0
Number of asset objects unloaded after import = 13
========================================================================
Received Import Request.
  Time since last request: 0.956191 seconds.
  path: Assets/Polytope Studio/Lowpoly_Characters/Prefabs/Modular_Armors/Separate_Parts/PT_Male_Armor_Skeleton_01_body.prefab
  artifactKey: Guid(aef6cbb22ba715d4cbdada13e1949a35) Importer(815301076,1909f56bfc062723c751e8b465ee728b)
Start importing Assets/Polytope Studio/Lowpoly_Characters/Prefabs/Modular_Armors/Separate_Parts/PT_Male_Armor_Skeleton_01_body.prefab using Guid(aef6cbb22ba715d4cbdada13e1949a35) Importer(815301076,1909f56bfc062723c751e8b465ee728b)  -> (artifact id: 'd6eaa418e0291f11839794110920fd8b') in 0.028264 seconds
Number of updated asset objects reloaded before import = 0
Number of asset objects unloaded after import = 173
========================================================================
Received Import Request.
  Time since last request: 0.000012 seconds.
  path: Assets/Polytope Studio/Lowpoly_Characters/Sources/Modular_Armors/Meshes/Separate_Parts/PT_Male_Armor_Skeleton_01_boots.fbx
  artifactKey: Guid(52527d1b1f5c38d4faec98b18a0c18b2) Importer(815301076,1909f56bfc062723c751e8b465ee728b)
Start importing Assets/Polytope Studio/Lowpoly_Characters/Sources/Modular_Armors/Meshes/Separate_Parts/PT_Male_Armor_Skeleton_01_boots.fbx using Guid(52527d1b1f5c38d4faec98b18a0c18b2) Importer(815301076,1909f56bfc062723c751e8b465ee728b)  -> (artifact id: '8b21d111c5b5ed9a4d34b0adb1fcbd94') in 0.027981 seconds
Number of updated asset objects reloaded before import = 0
Number of asset objects unloaded after import = 173
========================================================================
Received Import Request.
  Time since last request: 0.000015 seconds.
  path: Assets/Polytope Studio/Lowpoly_Characters/Sources/Modular_NPC/Meshes/Skeleton/Separate_Parts/PT_Male_Skeleton_01_head.fbx
  artifactKey: Guid(3dc52a0e28a5ec24492c391114f1bbbc) Importer(815301076,1909f56bfc062723c751e8b465ee728b)
Start importing Assets/Polytope Studio/Lowpoly_Characters/Sources/Modular_NPC/Meshes/Skeleton/Separate_Parts/PT_Male_Skeleton_01_head.fbx using Guid(3dc52a0e28a5ec24492c391114f1bbbc) Importer(815301076,1909f56bfc062723c751e8b465ee728b)  -> (artifact id: '3a23ba9fdeff6ca15e93ffd3c655ac64') in 0.022932 seconds
Number of updated asset objects reloaded before import = 0
Number of asset objects unloaded after import = 167
========================================================================
Received Import Request.
  Time since last request: 0.000019 seconds.
  path: Assets/Polytope Studio/Lowpoly_Characters/Sources/Modular_Armors/Meshes/PT_Male_Armors_Skeleton_Modular.fbx
  artifactKey: Guid(05dd2e86dee1d5943a581855ace37232) Importer(815301076,1909f56bfc062723c751e8b465ee728b)
Start importing Assets/Polytope Studio/Lowpoly_Characters/Sources/Modular_Armors/Meshes/PT_Male_Armors_Skeleton_Modular.fbx using Guid(05dd2e86dee1d5943a581855ace37232) Importer(815301076,1909f56bfc062723c751e8b465ee728b)  -> (artifact id: '60e4188841136d1021272cd2dc3dcf53') in 0.040795 seconds
Number of updated asset objects reloaded before import = 0
Number of asset objects unloaded after import = 211
========================================================================
Received Import Request.
  Time since last request: 0.000019 seconds.
  path: Assets/Polytope Studio/Lowpoly_Characters/Sources/Modular_NPC/Meshes/Skeleton/Separate_Parts/PT_Male_Skeleton_01_lower.fbx
  artifactKey: Guid(dfe609f2a12f39544941597d2745d48e) Importer(815301076,1909f56bfc062723c751e8b465ee728b)
Start importing Assets/Polytope Studio/Lowpoly_Characters/Sources/Modular_NPC/Meshes/Skeleton/Separate_Parts/PT_Male_Skeleton_01_lower.fbx using Guid(dfe609f2a12f39544941597d2745d48e) Importer(815301076,1909f56bfc062723c751e8b465ee728b)  -> (artifact id: 'fe010049c22cdb5cd86d3435a73cba9d') in 0.019696 seconds
Number of updated asset objects reloaded before import = 0
Number of asset objects unloaded after import = 167
========================================================================
Received Import Request.
  Time since last request: 0.000012 seconds.
  path: Assets/Polytope Studio/Lowpoly_Characters/Sources/Modular_Armors/Meshes/Separate_Parts/PT_Male_Armor_Skeleton_01_legs.fbx
  artifactKey: Guid(1aba5f7eaf4b3bc488b6c6964103ad48) Importer(815301076,1909f56bfc062723c751e8b465ee728b)
Start importing Assets/Polytope Studio/Lowpoly_Characters/Sources/Modular_Armors/Meshes/Separate_Parts/PT_Male_Armor_Skeleton_01_legs.fbx using Guid(1aba5f7eaf4b3bc488b6c6964103ad48) Importer(815301076,1909f56bfc062723c751e8b465ee728b)  -> (artifact id: '116c564ff0006645ae57a1dbcfab97a7') in 0.019713 seconds
Number of updated asset objects reloaded before import = 0
Number of asset objects unloaded after import = 173
========================================================================
Received Import Request.
  Time since last request: 0.000012 seconds.
  path: Assets/Polytope Studio/Lowpoly_Characters/Prefabs/Modular_Armors/PT_Male_Armors_Skeleton_Modular.prefab
  artifactKey: Guid(4921fcd859a7b0c45848c5f54d6077ad) Importer(815301076,1909f56bfc062723c751e8b465ee728b)
Start importing Assets/Polytope Studio/Lowpoly_Characters/Prefabs/Modular_Armors/PT_Male_Armors_Skeleton_Modular.prefab using Guid(4921fcd859a7b0c45848c5f54d6077ad) Importer(815301076,1909f56bfc062723c751e8b465ee728b)  -> (artifact id: 'baeb8b9215707805a57662e13de8a1ce') in 0.017964 seconds
Number of updated asset objects reloaded before import = 0
Number of asset objects unloaded after import = 211
========================================================================
Received Import Request.
  Time since last request: 0.000012 seconds.
  path: Assets/Polytope Studio/Lowpoly_Characters/Prefabs/Modular_Armors/Separate_Parts/PT_Male_Armor_Skeleton_01_gauntlets.prefab
  artifactKey: Guid(2af2e1ecb912a5a448f4ae389810eabc) Importer(815301076,1909f56bfc062723c751e8b465ee728b)
Start importing Assets/Polytope Studio/Lowpoly_Characters/Prefabs/Modular_Armors/Separate_Parts/PT_Male_Armor_Skeleton_01_gauntlets.prefab using Guid(2af2e1ecb912a5a448f4ae389810eabc) Importer(815301076,1909f56bfc062723c751e8b465ee728b)  -> (artifact id: '3d645b55a23900e5f86740bcdb9fd266') in 0.014706 seconds
Number of updated asset objects reloaded before import = 0
Number of asset objects unloaded after import = 173
========================================================================
Received Import Request.
  Time since last request: 0.000013 seconds.
  path: Assets/Polytope Studio/Lowpoly_Characters/Prefabs/Modular_NPC/Skeleton/Separate_Parts/PT_Male_Skeleton_01_lower.prefab
  artifactKey: Guid(641bd10a1da89414e85ef177d9f93f85) Importer(815301076,1909f56bfc062723c751e8b465ee728b)
Start importing Assets/Polytope Studio/Lowpoly_Characters/Prefabs/Modular_NPC/Skeleton/Separate_Parts/PT_Male_Skeleton_01_lower.prefab using Guid(641bd10a1da89414e85ef177d9f93f85) Importer(815301076,1909f56bfc062723c751e8b465ee728b)  -> (artifact id: '86b085f2ac6419994736d13f20b67052') in 0.012843 seconds
Number of updated asset objects reloaded before import = 0
Number of asset objects unloaded after import = 167
========================================================================
Received Import Request.
  Time since last request: 0.000014 seconds.
  path: Assets/Polytope Studio/Lowpoly_Characters/Prefabs/Modular_Armors/Separate_Parts/PT_Male_Armor_Skeleton_01_head.prefab
  artifactKey: Guid(ce07a0ac07d6f7c45aed42655fdbb99c) Importer(815301076,1909f56bfc062723c751e8b465ee728b)
Start importing Assets/Polytope Studio/Lowpoly_Characters/Prefabs/Modular_Armors/Separate_Parts/PT_Male_Armor_Skeleton_01_head.prefab using Guid(ce07a0ac07d6f7c45aed42655fdbb99c) Importer(815301076,1909f56bfc062723c751e8b465ee728b)  -> (artifact id: '7f86f88d170ffcf254e8cb6e724581d8') in 0.015437 seconds
Number of updated asset objects reloaded before import = 0
Number of asset objects unloaded after import = 173
========================================================================
Received Import Request.
  Time since last request: 0.000021 seconds.
  path: Assets/Polytope Studio/Lowpoly_Characters/Prefabs/Modular_Armors/Separate_Parts/PT_Male_Armor_Skeleton_01_legs.prefab
  artifactKey: Guid(5fbd568fd5582cf4b9a80dc8c5717bb2) Importer(815301076,1909f56bfc062723c751e8b465ee728b)
Start importing Assets/Polytope Studio/Lowpoly_Characters/Prefabs/Modular_Armors/Separate_Parts/PT_Male_Armor_Skeleton_01_legs.prefab using Guid(5fbd568fd5582cf4b9a80dc8c5717bb2) Importer(815301076,1909f56bfc062723c751e8b465ee728b)  -> (artifact id: 'fc161dcf086bd1f739a93d5eac51eee7') in 0.014615 seconds
Number of updated asset objects reloaded before import = 0
Number of asset objects unloaded after import = 173
========================================================================
Received Import Request.
  Time since last request: 0.196484 seconds.
  path: Assets/Polytope Studio/Lowpoly_Characters/Prefabs/Modular_NPC/Skeleton/Separate_Parts/PT_Male_Skeleton_01_upper.prefab
  artifactKey: Guid(c20261c232580d340820835bcc49d7d1) Importer(815301076,1909f56bfc062723c751e8b465ee728b)
Start importing Assets/Polytope Studio/Lowpoly_Characters/Prefabs/Modular_NPC/Skeleton/Separate_Parts/PT_Male_Skeleton_01_upper.prefab using Guid(c20261c232580d340820835bcc49d7d1) Importer(815301076,1909f56bfc062723c751e8b465ee728b)  -> (artifact id: 'c7610bf821171e5adc0c290c31a5e6eb') in 0.014235 seconds
Number of updated asset objects reloaded before import = 0
Number of asset objects unloaded after import = 167
========================================================================
Received Import Request.
  Time since last request: 0.000014 seconds.
  path: Assets/Polytope Studio/Lowpoly_Demos/Skeleton_Free_Asset/Helpers/PT_Medieval_Male_Armor_Skeleton_01.fbx
  artifactKey: Guid(3ae9b9daf00f1a3418abe1a6e325b629) Importer(815301076,1909f56bfc062723c751e8b465ee728b)
Start importing Assets/Polytope Studio/Lowpoly_Demos/Skeleton_Free_Asset/Helpers/PT_Medieval_Male_Armor_Skeleton_01.fbx using Guid(3ae9b9daf00f1a3418abe1a6e325b629) Importer(815301076,1909f56bfc062723c751e8b465ee728b)  -> (artifact id: '9d93ce3e0a93f362b255f5e3ee98f3a0') in 0.041957 seconds
Number of updated asset objects reloaded before import = 0
Number of asset objects unloaded after import = 197
========================================================================
Received Import Request.
  Time since last request: 0.000013 seconds.
  path: Assets/Polytope Studio/Lowpoly_Demos/Skeleton_Free_Asset/Helpers/PT_Medieval_Male_Armor_Skeleton_01_boots.fbx
  artifactKey: Guid(c3b32a708f4cc3a4abf9261aea24b5cc) Importer(815301076,1909f56bfc062723c751e8b465ee728b)
Start importing Assets/Polytope Studio/Lowpoly_Demos/Skeleton_Free_Asset/Helpers/PT_Medieval_Male_Armor_Skeleton_01_boots.fbx using Guid(c3b32a708f4cc3a4abf9261aea24b5cc) Importer(815301076,1909f56bfc062723c751e8b465ee728b)  -> (artifact id: 'a974be6e95a82d04f8c2e9b7691a7391') in 0.017612 seconds
Number of updated asset objects reloaded before import = 0
Number of asset objects unloaded after import = 161
========================================================================
Received Import Request.
  Time since last request: 0.000013 seconds.
  path: Assets/Polytope Studio/Lowpoly_Demos/Skeleton_Free_Asset/Helpers/PT_Medieval_Male_Armor_Skeleton_01_body.fbx
  artifactKey: Guid(6edf5e7fbd918d0428f06afd9e8a1716) Importer(815301076,1909f56bfc062723c751e8b465ee728b)
Start importing Assets/Polytope Studio/Lowpoly_Demos/Skeleton_Free_Asset/Helpers/PT_Medieval_Male_Armor_Skeleton_01_body.fbx using Guid(6edf5e7fbd918d0428f06afd9e8a1716) Importer(815301076,1909f56bfc062723c751e8b465ee728b)  -> (artifact id: '1f785f0380a53ffbae526c0a738bec98') in 0.019537 seconds
Number of updated asset objects reloaded before import = 0
Number of asset objects unloaded after import = 161
========================================================================
Received Import Request.
  Time since last request: 0.000012 seconds.
  path: Assets/Polytope Studio/Lowpoly_Demos/Skeleton_Free_Asset/Helpers/PT_Medieval_Male_Armor_Skeleton_01_head.prefab
  artifactKey: Guid(e24211b9a46d61d4f8293e679e0851b0) Importer(815301076,1909f56bfc062723c751e8b465ee728b)
Start importing Assets/Polytope Studio/Lowpoly_Demos/Skeleton_Free_Asset/Helpers/PT_Medieval_Male_Armor_Skeleton_01_head.prefab using Guid(e24211b9a46d61d4f8293e679e0851b0) Importer(815301076,1909f56bfc062723c751e8b465ee728b)  -> (artifact id: '38a2c3161a741668ee7e9c59bb355ea2') in 0.013422 seconds
Number of updated asset objects reloaded before import = 0
Number of asset objects unloaded after import = 169
========================================================================
Received Import Request.
  Time since last request: 0.000013 seconds.
  path: Assets/Polytope Studio/Lowpoly_Demos/Skeleton_Free_Asset/Helpers/PT_Medieval_Male_Armor_Skeleton_01_head.fbx
  artifactKey: Guid(f6df18248e9363a4383898ff51eb7674) Importer(815301076,1909f56bfc062723c751e8b465ee728b)
Start importing Assets/Polytope Studio/Lowpoly_Demos/Skeleton_Free_Asset/Helpers/PT_Medieval_Male_Armor_Skeleton_01_head.fbx using Guid(f6df18248e9363a4383898ff51eb7674) Importer(815301076,1909f56bfc062723c751e8b465ee728b)  -> (artifact id: 'cb5443359d4cf8dbebe5e75dab04a043') in 0.019262 seconds
Number of updated asset objects reloaded before import = 0
Number of asset objects unloaded after import = 161
========================================================================
Received Import Request.
  Time since last request: 0.163081 seconds.
  path: Assets/Polytope Studio/Lowpoly_Demos/Skeleton_Free_Asset/Helpers/PT_Medieval_Village_Fence_Small_02.prefab
  artifactKey: Guid(a60376c5515003443880efffb7dded72) Importer(815301076,1909f56bfc062723c751e8b465ee728b)
Start importing Assets/Polytope Studio/Lowpoly_Demos/Skeleton_Free_Asset/Helpers/PT_Medieval_Village_Fence_Small_02.prefab using Guid(a60376c5515003443880efffb7dded72) Importer(815301076,1909f56bfc062723c751e8b465ee728b)  -> (artifact id: '7d37022bca522bed9292502ec0ab4f9a') in 0.011838 seconds
Number of updated asset objects reloaded before import = 0
Number of asset objects unloaded after import = 8
========================================================================
Received Import Request.
  Time since last request: 0.000013 seconds.
  path: Assets/Polytope Studio/Lowpoly_Demos/Skeleton_Free_Asset/Helpers/PT_Medieval_Village_Fence_Small_02.fbx
  artifactKey: Guid(7b59b88bda535bf4e8d5db4b66e6ca46) Importer(815301076,1909f56bfc062723c751e8b465ee728b)
Start importing Assets/Polytope Studio/Lowpoly_Demos/Skeleton_Free_Asset/Helpers/PT_Medieval_Village_Fence_Small_02.fbx using Guid(7b59b88bda535bf4e8d5db4b66e6ca46) Importer(815301076,1909f56bfc062723c751e8b465ee728b)  -> (artifact id: '9bfc583c796aeceac6cd0c0c2657fdc4') in 0.012687 seconds
Number of updated asset objects reloaded before import = 0
Number of asset objects unloaded after import = 9
========================================================================
Received Import Request.
  Time since last request: 0.000014 seconds.
  path: Assets/Polytope Studio/Lowpoly_Demos/Skeleton_Free_Asset/Helpers/PT_Medieval_Wooden_Cross_02.fbx
  artifactKey: Guid(47a15bd38e07efc428bba85443b28834) Importer(815301076,1909f56bfc062723c751e8b465ee728b)
Start importing Assets/Polytope Studio/Lowpoly_Demos/Skeleton_Free_Asset/Helpers/PT_Medieval_Wooden_Cross_02.fbx using Guid(47a15bd38e07efc428bba85443b28834) Importer(815301076,1909f56bfc062723c751e8b465ee728b)  -> (artifact id: '849ee87ec107120f618271a0c7f91474') in 0.014677 seconds
Number of updated asset objects reloaded before import = 0
Number of asset objects unloaded after import = 9
========================================================================
Received Import Request.
  Time since last request: 0.367092 seconds.
  path: Assets/Polytope Studio/Lowpoly_Characters/Sources/Animations/PT_Peasant_Pose_02.fbx
  artifactKey: Guid(5b4708c92d1d63d45b292f6542faecc6) Importer(815301076,1909f56bfc062723c751e8b465ee728b)
Start importing Assets/Polytope Studio/Lowpoly_Characters/Sources/Animations/PT_Peasant_Pose_02.fbx using Guid(5b4708c92d1d63d45b292f6542faecc6) Importer(815301076,1909f56bfc062723c751e8b465ee728b)  -> (artifact id: '8db28e155e4e4ad9f4de3c59ea61b62b') in 0.038155 seconds
Number of updated asset objects reloaded before import = 0
Number of asset objects unloaded after import = 152
========================================================================
Received Import Request.
  Time since last request: 0.000016 seconds.
  path: Assets/Polytope Studio/Lowpoly_Characters/Prefabs/Modular_NPC/Skeleton/PT_Skeleton_Male_Modular.prefab
  artifactKey: Guid(b91f2cacb0bef7f4bac8f61b0f00b4c6) Importer(815301076,1909f56bfc062723c751e8b465ee728b)
Start importing Assets/Polytope Studio/Lowpoly_Characters/Prefabs/Modular_NPC/Skeleton/PT_Skeleton_Male_Modular.prefab using Guid(b91f2cacb0bef7f4bac8f61b0f00b4c6) Importer(815301076,1909f56bfc062723c751e8b465ee728b)  -> (artifact id: '15b8250fc37099ed6e68d4c3c96678e7') in 0.017103 seconds
Number of updated asset objects reloaded before import = 0
Number of asset objects unloaded after import = 197
========================================================================
Received Import Request.
  Time since last request: 0.000024 seconds.
  path: Assets/Polytope Studio/Lowpoly_Weapons/Sources/Meshes/PT_Shield_01_a.fbx
  artifactKey: Guid(3d03772cb9468fa4085e94eb6aaf27d7) Importer(815301076,1909f56bfc062723c751e8b465ee728b)
Start importing Assets/Polytope Studio/Lowpoly_Weapons/Sources/Meshes/PT_Shield_01_a.fbx using Guid(3d03772cb9468fa4085e94eb6aaf27d7) Importer(815301076,1909f56bfc062723c751e8b465ee728b)  -> (artifact id: '1d51259410c4bd1cad37e9983725f0eb') in 0.303548 seconds
Number of updated asset objects reloaded before import = 0
Number of asset objects unloaded after import = 17
========================================================================
Received Prepare
Begin MonoManager ReloadAssembly
- Loaded All Assemblies, in  0.534 seconds
Refreshing native plugins compatible for Editor in 4.33 ms, found 3 plugins.
Native extension for WindowsStandalone target not found
Native extension for Android target not found
Native extension for WebGL target not found
Mono: successfully reloaded assembly
- Finished resetting the current domain, in  1.684 seconds
Domain Reload Profiling: 2213ms
	BeginReloadAssembly (184ms)
		ExecutionOrderSort (0ms)
		DisableScriptedObjects (4ms)
		BackupInstance (0ms)
		ReleaseScriptingObjects (0ms)
		CreateAndSetChildDomain (39ms)
	RebuildCommonClasses (27ms)
	RebuildNativeTypeToScriptingClass (11ms)
	initialDomainReloadingComplete (38ms)
	LoadAllAssembliesAndSetupDomain (269ms)
		LoadAssemblies (357ms)
		RebuildTransferFunctionScriptingTraits (0ms)
		AnalyzeDomain (17ms)
			TypeCache.Refresh (6ms)
				TypeCache.ScanAssembly (0ms)
			ScanForSourceGeneratedMonoScriptInfo (0ms)
			ResolveRequiredComponents (10ms)
	FinalizeReload (1685ms)
		ReleaseScriptCaches (0ms)
		RebuildScriptCaches (0ms)
		SetupLoadedEditorAssemblies (590ms)
			LogAssemblyErrors (0ms)
			InitializePlatformSupportModulesInManaged (30ms)
			SetLoadedEditorAssemblies (3ms)
			RefreshPlugins (0ms)
			BeforeProcessingInitializeOnLoad (90ms)
			ProcessInitializeOnLoadAttributes (421ms)
			ProcessInitializeOnLoadMethodAttributes (28ms)
			AfterProcessingInitializeOnLoad (17ms)
			EditorAssembliesLoaded (0ms)
		ExecutionOrderSort2 (0ms)
		AwakeInstancesAfterBackupRestoration (14ms)
Refreshing native plugins compatible for Editor in 5.89 ms, found 3 plugins.
Preloading 0 native plugins for Editor in 0.00 ms.
Unloading 7462 Unused Serialized files (Serialized files now loaded: 0)
Unloading 200 unused Assets / (13.8 MB). Loaded Objects now: 8131.
Memory consumption went from 306.0 MB to 292.2 MB.
Total: 6.824700 ms (FindLiveObjects: 0.521500 ms CreateObjectMapping: 0.453800 ms MarkObjects: 2.998800 ms  DeleteObjects: 2.849700 ms)

Prepare: number of updated asset objects reloaded= 0
AssetImportParameters requested are different than current active one (requested -> active):
  custom:container-demuxer-ogg: 62fdf1f143b41e24485cea50d1cbac27 -> 
  custom:framework-win-MediaFoundation: 216162199b28c13a410421893ffa2e32 -> 
  custom:container-muxer-webm: aa71ff27fc2769a1b78a27578f13a17b -> 
  custom:video-decoder-webm-vp8: 9c59270c3fd7afecdb556c50c9e8de78 -> 
  custom:SearchIndexIgnoredProperties: e643bd26f0fe6173181afceb89e7c659 -> 
  custom:AudioImporter_EditorPlatform: d09bf68614088b80899f8185d706f6e7 -> 
  custom:audio-decoder-ogg-vorbis: bf7c407c2cedff20999df2af8eb42d56 -> 
  custom:audio-encoder-webm-vorbis: bf7c407c2cedff20999df2af8eb42d56 -> 
  custom:video-decoder-ogg-theora: a1e56fd34408186e4bbccfd4996cb3dc -> 
  custom:CustomObjectIndexerAttribute: 72b91833f83ae208fae7752999fa3104 -> 
  custom:container-demuxer-webm: 4f35f7cbe854078d1ac9338744f61a02 -> 
  custom:video-encoder-webm-vp8: eb34c28f22e8b96e1ab97ce403110664 -> 
========================================================================
Received Prepare
Begin MonoManager ReloadAssembly
- Loaded All Assemblies, in  0.538 seconds
Refreshing native plugins compatible for Editor in 4.36 ms, found 3 plugins.
Native extension for WindowsStandalone target not found
Native extension for Android target not found
Native extension for WebGL target not found
Mono: successfully reloaded assembly
- Finished resetting the current domain, in  1.718 seconds
Domain Reload Profiling: 2250ms
	BeginReloadAssembly (180ms)
		ExecutionOrderSort (0ms)
		DisableScriptedObjects (4ms)
		BackupInstance (0ms)
		ReleaseScriptingObjects (0ms)
		CreateAndSetChildDomain (41ms)
	RebuildCommonClasses (30ms)
	RebuildNativeTypeToScriptingClass (9ms)
	initialDomainReloadingComplete (36ms)
	LoadAllAssembliesAndSetupDomain (276ms)
		LoadAssemblies (359ms)
		RebuildTransferFunctionScriptingTraits (0ms)
		AnalyzeDomain (18ms)
			TypeCache.Refresh (7ms)
				TypeCache.ScanAssembly (0ms)
			ScanForSourceGeneratedMonoScriptInfo (0ms)
			ResolveRequiredComponents (10ms)
	FinalizeReload (1718ms)
		ReleaseScriptCaches (0ms)
		RebuildScriptCaches (0ms)
		SetupLoadedEditorAssemblies (592ms)
			LogAssemblyErrors (0ms)
			InitializePlatformSupportModulesInManaged (31ms)
			SetLoadedEditorAssemblies (3ms)
			RefreshPlugins (0ms)
			BeforeProcessingInitializeOnLoad (90ms)
			ProcessInitializeOnLoadAttributes (423ms)
			ProcessInitializeOnLoadMethodAttributes (28ms)
			AfterProcessingInitializeOnLoad (17ms)
			EditorAssembliesLoaded (0ms)
		ExecutionOrderSort2 (0ms)
		AwakeInstancesAfterBackupRestoration (12ms)
Refreshing native plugins compatible for Editor in 4.58 ms, found 3 plugins.
Preloading 0 native plugins for Editor in 0.00 ms.
Unloading 7461 Unused Serialized files (Serialized files now loaded: 0)
Unloading 199 unused Assets / (13.9 MB). Loaded Objects now: 8134.
Memory consumption went from 305.8 MB to 291.9 MB.
Total: 7.983900 ms (FindLiveObjects: 0.795200 ms CreateObjectMapping: 0.557000 ms MarkObjects: 3.210500 ms  DeleteObjects: 3.414200 ms)

Prepare: number of updated asset objects reloaded= 0
AssetImportParameters requested are different than current active one (requested -> active):
  custom:container-demuxer-ogg: 62fdf1f143b41e24485cea50d1cbac27 -> 
  custom:framework-win-MediaFoundation: 216162199b28c13a410421893ffa2e32 -> 
  custom:container-muxer-webm: aa71ff27fc2769a1b78a27578f13a17b -> 
  custom:video-decoder-webm-vp8: 9c59270c3fd7afecdb556c50c9e8de78 -> 
  custom:SearchIndexIgnoredProperties: e643bd26f0fe6173181afceb89e7c659 -> 
  custom:AudioImporter_EditorPlatform: d09bf68614088b80899f8185d706f6e7 -> 
  custom:audio-decoder-ogg-vorbis: bf7c407c2cedff20999df2af8eb42d56 -> 
  custom:audio-encoder-webm-vorbis: bf7c407c2cedff20999df2af8eb42d56 -> 
  custom:video-decoder-ogg-theora: a1e56fd34408186e4bbccfd4996cb3dc -> 
  custom:CustomObjectIndexerAttribute: 72b91833f83ae208fae7752999fa3104 -> 
  custom:container-demuxer-webm: 4f35f7cbe854078d1ac9338744f61a02 -> 
  custom:video-encoder-webm-vp8: eb34c28f22e8b96e1ab97ce403110664 -> 
========================================================================
Received Prepare
Begin MonoManager ReloadAssembly
- Loaded All Assemblies, in  0.535 seconds
Refreshing native plugins compatible for Editor in 4.59 ms, found 3 plugins.
Native extension for WindowsStandalone target not found
Native extension for Android target not found
Native extension for WebGL target not found
Mono: successfully reloaded assembly
- Finished resetting the current domain, in  1.673 seconds
Domain Reload Profiling: 2201ms
	BeginReloadAssembly (184ms)
		ExecutionOrderSort (0ms)
		DisableScriptedObjects (4ms)
		BackupInstance (0ms)
		ReleaseScriptingObjects (0ms)
		CreateAndSetChildDomain (44ms)
	RebuildCommonClasses (29ms)
	RebuildNativeTypeToScriptingClass (8ms)
	initialDomainReloadingComplete (37ms)
	LoadAllAssembliesAndSetupDomain (270ms)
		LoadAssemblies (354ms)
		RebuildTransferFunctionScriptingTraits (0ms)
		AnalyzeDomain (17ms)
			TypeCache.Refresh (6ms)
				TypeCache.ScanAssembly (0ms)
			ScanForSourceGeneratedMonoScriptInfo (0ms)
			ResolveRequiredComponents (9ms)
	FinalizeReload (1673ms)
		ReleaseScriptCaches (0ms)
		RebuildScriptCaches (0ms)
		SetupLoadedEditorAssemblies (599ms)
			LogAssemblyErrors (0ms)
			InitializePlatformSupportModulesInManaged (31ms)
			SetLoadedEditorAssemblies (3ms)
			RefreshPlugins (0ms)
			BeforeProcessingInitializeOnLoad (91ms)
			ProcessInitializeOnLoadAttributes (430ms)
			ProcessInitializeOnLoadMethodAttributes (28ms)
			AfterProcessingInitializeOnLoad (17ms)
			EditorAssembliesLoaded (0ms)
		ExecutionOrderSort2 (0ms)
		AwakeInstancesAfterBackupRestoration (13ms)
Refreshing native plugins compatible for Editor in 5.18 ms, found 3 plugins.
Preloading 0 native plugins for Editor in 0.00 ms.
Unloading 7461 Unused Serialized files (Serialized files now loaded: 0)
Unloading 199 unused Assets / (13.9 MB). Loaded Objects now: 8137.
Memory consumption went from 305.8 MB to 291.9 MB.
Total: 7.246500 ms (FindLiveObjects: 0.592000 ms CreateObjectMapping: 0.300200 ms MarkObjects: 2.869000 ms  DeleteObjects: 3.484000 ms)

Prepare: number of updated asset objects reloaded= 0
AssetImportParameters requested are different than current active one (requested -> active):
  custom:container-demuxer-ogg: 62fdf1f143b41e24485cea50d1cbac27 -> 
  custom:framework-win-MediaFoundation: 216162199b28c13a410421893ffa2e32 -> 
  custom:container-muxer-webm: aa71ff27fc2769a1b78a27578f13a17b -> 
  custom:video-decoder-webm-vp8: 9c59270c3fd7afecdb556c50c9e8de78 -> 
  custom:SearchIndexIgnoredProperties: e643bd26f0fe6173181afceb89e7c659 -> 
  custom:AudioImporter_EditorPlatform: d09bf68614088b80899f8185d706f6e7 -> 
  custom:audio-decoder-ogg-vorbis: bf7c407c2cedff20999df2af8eb42d56 -> 
  custom:audio-encoder-webm-vorbis: bf7c407c2cedff20999df2af8eb42d56 -> 
  custom:video-decoder-ogg-theora: a1e56fd34408186e4bbccfd4996cb3dc -> 
  custom:CustomObjectIndexerAttribute: 72b91833f83ae208fae7752999fa3104 -> 
  custom:container-demuxer-webm: 4f35f7cbe854078d1ac9338744f61a02 -> 
  custom:video-encoder-webm-vp8: eb34c28f22e8b96e1ab97ce403110664 -> 
========================================================================
Received Import Request.
  Time since last request: 924.561355 seconds.
  path: Assets/FantasyEnvironments/Environments/Ambient-Occlusion-Trees/Textures/Birch_leaves.tga
  artifactKey: Guid(ee8680ca49b912746958dd16c5d23051) Importer(815301076,1909f56bfc062723c751e8b465ee728b)
Start importing Assets/FantasyEnvironments/Environments/Ambient-Occlusion-Trees/Textures/Birch_leaves.tga using Guid(ee8680ca49b912746958dd16c5d23051) Importer(815301076,1909f56bfc062723c751e8b465ee728b)  -> (artifact id: '35878e8aba561ab967a5ef0d08f74bc9') in 0.069069 seconds
Number of updated asset objects reloaded before import = 0
Number of asset objects unloaded after import = 2
========================================================================
Received Import Request.
  Time since last request: 0.000018 seconds.
  path: Assets/TerrainSampleAssets/Textures/Heightmaps/Canyon03_Heightmap.tif
  artifactKey: Guid(00e07f21ff32c094ea64f6753fb3b542) Importer(815301076,1909f56bfc062723c751e8b465ee728b)
Start importing Assets/TerrainSampleAssets/Textures/Heightmaps/Canyon03_Heightmap.tif using Guid(00e07f21ff32c094ea64f6753fb3b542) Importer(815301076,1909f56bfc062723c751e8b465ee728b)  -> (artifact id: '434671aa0e7e4d585d76ec99ebfbdfd9') in 0.015590 seconds
Number of updated asset objects reloaded before import = 0
Number of asset objects unloaded after import = 2
========================================================================
Received Import Request.
  Time since last request: 0.000012 seconds.
  path: Assets/TerrainSampleAssets/Textures/Terrain/Black_Sand_MaskMap.tif
  artifactKey: Guid(33e332af78571f249aa14092c01288cb) Importer(815301076,1909f56bfc062723c751e8b465ee728b)
Start importing Assets/TerrainSampleAssets/Textures/Terrain/Black_Sand_MaskMap.tif using Guid(33e332af78571f249aa14092c01288cb) Importer(815301076,1909f56bfc062723c751e8b465ee728b)  -> (artifact id: '640e5755134e3c19be7f436f6f3c1757') in 0.015217 seconds
Number of updated asset objects reloaded before import = 0
Number of asset objects unloaded after import = 2
========================================================================
Received Import Request.
  Time since last request: 0.000014 seconds.
  path: Assets/TerrainSampleAssets/Textures/Heightmaps/Canyon02_Heightmap.tif
  artifactKey: Guid(4fe4d3241d435594b82a72af96e4052d) Importer(815301076,1909f56bfc062723c751e8b465ee728b)
Start importing Assets/TerrainSampleAssets/Textures/Heightmaps/Canyon02_Heightmap.tif using Guid(4fe4d3241d435594b82a72af96e4052d) Importer(815301076,1909f56bfc062723c751e8b465ee728b)  -> (artifact id: '7124f14a2f4bc0a695306bf4af45c25b') in 0.012797 seconds
Number of updated asset objects reloaded before import = 0
Number of asset objects unloaded after import = 2
========================================================================
Received Import Request.
  Time since last request: 0.000022 seconds.
  path: Assets/TerrainSampleAssets/Textures/Details/BushDry_MaskMap.tif
  artifactKey: Guid(ba5d550271efae04b84eeb0e550be656) Importer(815301076,1909f56bfc062723c751e8b465ee728b)
Start importing Assets/TerrainSampleAssets/Textures/Details/BushDry_MaskMap.tif using Guid(ba5d550271efae04b84eeb0e550be656) Importer(815301076,1909f56bfc062723c751e8b465ee728b)  -> (artifact id: '13af0af8b0588f4abfd01362c2441518') in 0.014626 seconds
Number of updated asset objects reloaded before import = 0
Number of asset objects unloaded after import = 2
========================================================================
Received Import Request.
  Time since last request: 0.000015 seconds.
  path: Assets/TerrainSampleAssets/Textures/Details/Fern_MaskMap.tif
  artifactKey: Guid(d5a7b708862dd0a449b4bccbefdd2335) Importer(815301076,1909f56bfc062723c751e8b465ee728b)
Start importing Assets/TerrainSampleAssets/Textures/Details/Fern_MaskMap.tif using Guid(d5a7b708862dd0a449b4bccbefdd2335) Importer(815301076,1909f56bfc062723c751e8b465ee728b)  -> (artifact id: 'c9d451e113992d1b9bf3a884565018bc') in 0.011288 seconds
Number of updated asset objects reloaded before import = 0
Number of asset objects unloaded after import = 2
========================================================================
Received Import Request.
  Time since last request: 0.000014 seconds.
  path: Assets/TerrainSampleAssets/Textures/Details/Fern_BaseColor.tif
  artifactKey: Guid(f3661c5aa3d7dc141aebd059ea67047b) Importer(815301076,1909f56bfc062723c751e8b465ee728b)
Start importing Assets/TerrainSampleAssets/Textures/Details/Fern_BaseColor.tif using Guid(f3661c5aa3d7dc141aebd059ea67047b) Importer(815301076,1909f56bfc062723c751e8b465ee728b)  -> (artifact id: '798c847065bdb42cf3116e16a1f30ffd') in 0.011645 seconds
Number of updated asset objects reloaded before import = 0
Number of asset objects unloaded after import = 2
========================================================================
Received Import Request.
  Time since last request: 0.000013 seconds.
  path: Assets/TerrainSampleAssets/Textures/Heightmaps/Default_White.tif
  artifactKey: Guid(63c633526981fac49b5eb44c0212bf2f) Importer(815301076,1909f56bfc062723c751e8b465ee728b)
Start importing Assets/TerrainSampleAssets/Textures/Heightmaps/Default_White.tif using Guid(63c633526981fac49b5eb44c0212bf2f) Importer(815301076,1909f56bfc062723c751e8b465ee728b)  -> (artifact id: '53ec05f930fb2313500f77fa549f6517') in 0.011794 seconds
Number of updated asset objects reloaded before import = 0
Number of asset objects unloaded after import = 2
========================================================================
Received Import Request.
  Time since last request: 0.000014 seconds.
  path: Assets/TerrainSampleAssets/Textures/Details/BushDry_Normal.tif
  artifactKey: Guid(03fe3ff010bcfb3418536e2f7896257b) Importer(815301076,1909f56bfc062723c751e8b465ee728b)
Start importing Assets/TerrainSampleAssets/Textures/Details/BushDry_Normal.tif using Guid(03fe3ff010bcfb3418536e2f7896257b) Importer(815301076,1909f56bfc062723c751e8b465ee728b)  -> (artifact id: '5f9f07f5d7ded4cf3c3457c6a1a00b5c') in 0.016563 seconds
Number of updated asset objects reloaded before import = 0
Number of asset objects unloaded after import = 2
========================================================================
Received Import Request.
  Time since last request: 0.000012 seconds.
  path: Assets/TerrainSampleAssets/Textures/Heightmaps/Errosion01_Heightmap.tif
  artifactKey: Guid(228af47692a8c7c49b93049646ac6c46) Importer(815301076,1909f56bfc062723c751e8b465ee728b)
Start importing Assets/TerrainSampleAssets/Textures/Heightmaps/Errosion01_Heightmap.tif using Guid(228af47692a8c7c49b93049646ac6c46) Importer(815301076,1909f56bfc062723c751e8b465ee728b)  -> (artifact id: '5b5e278863af1433307aab49432def38') in 0.018687 seconds
Number of updated asset objects reloaded before import = 0
Number of asset objects unloaded after import = 2
========================================================================
Received Import Request.
  Time since last request: 0.000011 seconds.
  path: Assets/TerrainSampleAssets/Textures/Details/BushDry_Thickness.tif
  artifactKey: Guid(100a50e8b1d0bc04b95bc2f03cb760db) Importer(815301076,1909f56bfc062723c751e8b465ee728b)
Start importing Assets/TerrainSampleAssets/Textures/Details/BushDry_Thickness.tif using Guid(100a50e8b1d0bc04b95bc2f03cb760db) Importer(815301076,1909f56bfc062723c751e8b465ee728b)  -> (artifact id: '863c00b1dde768f3a138f2de65424c2d') in 0.011788 seconds
Number of updated asset objects reloaded before import = 0
Number of asset objects unloaded after import = 2
========================================================================
Received Import Request.
  Time since last request: 0.000015 seconds.
  path: Assets/TerrainSampleAssets/Textures/Terrain/Black_Sand_BaseColor.tif
  artifactKey: Guid(0b59c495bf285c442b1b799c94a9f8aa) Importer(815301076,1909f56bfc062723c751e8b465ee728b)
Start importing Assets/TerrainSampleAssets/Textures/Terrain/Black_Sand_BaseColor.tif using Guid(0b59c495bf285c442b1b799c94a9f8aa) Importer(815301076,1909f56bfc062723c751e8b465ee728b)  -> (artifact id: '610fbb9c03ee8a592e8bbb86d1365408') in 0.013209 seconds
Number of updated asset objects reloaded before import = 0
Number of asset objects unloaded after import = 2
========================================================================
Received Import Request.
  Time since last request: 0.000018 seconds.
  path: Assets/TerrainSampleAssets/Textures/Heightmaps/Canyon04_Heightmap.tif
  artifactKey: Guid(fd3a283142a57bd4aa8029f5e0705fc5) Importer(815301076,1909f56bfc062723c751e8b465ee728b)
Start importing Assets/TerrainSampleAssets/Textures/Heightmaps/Canyon04_Heightmap.tif using Guid(fd3a283142a57bd4aa8029f5e0705fc5) Importer(815301076,1909f56bfc062723c751e8b465ee728b)  -> (artifact id: '8a7301e0da570928a66a3620ab1ba4a4') in 0.013258 seconds
Number of updated asset objects reloaded before import = 0
Number of asset objects unloaded after import = 2
========================================================================
Received Import Request.
  Time since last request: 0.000016 seconds.
  path: Assets/TerrainSampleAssets/Textures/Heightmaps/Cracked_Earth02_Heightmap.tif
  artifactKey: Guid(ce389a44803b703498159190bc7d48af) Importer(815301076,1909f56bfc062723c751e8b465ee728b)
Start importing Assets/TerrainSampleAssets/Textures/Heightmaps/Cracked_Earth02_Heightmap.tif using Guid(ce389a44803b703498159190bc7d48af) Importer(815301076,1909f56bfc062723c751e8b465ee728b)  -> (artifact id: '1430cf76db8b216df919d8e026f2ca4a') in 0.015995 seconds
Number of updated asset objects reloaded before import = 0
Number of asset objects unloaded after import = 2
========================================================================
Received Import Request.
  Time since last request: 0.000014 seconds.
  path: Assets/TerrainSampleAssets/Textures/Details/Fern_Thickness.tif
  artifactKey: Guid(daa49585c030643489dad5c6e4680dca) Importer(815301076,1909f56bfc062723c751e8b465ee728b)
Start importing Assets/TerrainSampleAssets/Textures/Details/Fern_Thickness.tif using Guid(daa49585c030643489dad5c6e4680dca) Importer(815301076,1909f56bfc062723c751e8b465ee728b)  -> (artifact id: '11eb87b80a5a2b2756d145e5be746cc6') in 0.013374 seconds
Number of updated asset objects reloaded before import = 0
Number of asset objects unloaded after import = 2
